[DEBUG] 2023-03-25 13:24:31.678 [http-nio-8080-exec-3] IntegratorServiceImpl - Adding Integrator [org.hibernate.cfg.beanvalidation.BeanValidationIntegrator].
[DEBUG] 2023-03-25 13:24:31.719 [http-nio-8080-exec-3] IntegratorServiceImpl - Adding Integrator [org.hibernate.secure.spi.JaccIntegrator].
[DEBUG] 2023-03-25 13:24:31.817 [http-nio-8080-exec-3] IntegratorServiceImpl - Adding Integrator [org.hibernate.cache.internal.CollectionCacheInvalidator].
[INFO ] 2023-03-25 13:24:32.352 [http-nio-8080-exec-3] Version - HHH000412: Hibernate Core {5.4.4.Final}
[DEBUG] 2023-03-25 13:24:32.360 [http-nio-8080-exec-3] Environment - HHH000206: hibernate.properties not found
[DEBUG] 2023-03-25 13:24:32.757 [http-nio-8080-exec-3] LocalXmlResourceResolver - Interpreting public/system identifier : [.//Hibernate/Hiberntae Configuration DTD//EN] - [http://www.hibernate.org/dtd/hibernate-configuration-3.0.dtd]
[DEBUG] 2023-03-25 13:24:32.758 [http-nio-8080-exec-3] LocalXmlResourceResolver - Recognized hibernate-configuration identifier; attempting to resolve on classpath under org/hibernate/
[DEBUG] 2023-03-25 13:24:32.793 [http-nio-8080-exec-3] JaxbCfgProcessor - cfg.xml document did not define namespaces; wrapping in custom event reader to introduce namespace information
[DEBUG] 2023-03-25 13:24:34.004 [http-nio-8080-exec-3] ServiceBinding - Overriding existing service binding [org.hibernate.secure.spi.JaccService]
[DEBUG] 2023-03-25 13:24:34.038 [http-nio-8080-exec-3] RegionFactoryInitiator - Cannot default RegionFactory based on registered strategies as `[]` RegionFactory strategies were registered
[DEBUG] 2023-03-25 13:24:34.040 [http-nio-8080-exec-3] RegionFactoryInitiator - Cache region factory : org.hibernate.cache.internal.NoCachingRegionFactory
[INFO ] 2023-03-25 13:24:34.120 [http-nio-8080-exec-3] Version - HCANN000001: Hibernate Commons Annotations {5.1.0.Final}
[DEBUG] 2023-03-25 13:24:34.318 [http-nio-8080-exec-3] BasicTypeRegistry - Adding type registration boolean -> org.hibernate.type.BooleanType@683587c8
[DEBUG] 2023-03-25 13:24:34.318 [http-nio-8080-exec-3] BasicTypeRegistry - Adding type registration boolean -> org.hibernate.type.BooleanType@683587c8
[DEBUG] 2023-03-25 13:24:34.320 [http-nio-8080-exec-3] BasicTypeRegistry - Adding type registration java.lang.Boolean -> org.hibernate.type.BooleanType@683587c8
[DEBUG] 2023-03-25 13:24:34.322 [http-nio-8080-exec-3] BasicTypeRegistry - Adding type registration numeric_boolean -> org.hibernate.type.NumericBooleanType@477ee1e7
[DEBUG] 2023-03-25 13:24:34.323 [http-nio-8080-exec-3] BasicTypeRegistry - Adding type registration true_false -> org.hibernate.type.TrueFalseType@2880fd49
[DEBUG] 2023-03-25 13:24:34.326 [http-nio-8080-exec-3] BasicTypeRegistry - Adding type registration yes_no -> org.hibernate.type.YesNoType@404c6af3
[DEBUG] 2023-03-25 13:24:34.330 [http-nio-8080-exec-3] BasicTypeRegistry - Adding type registration byte -> org.hibernate.type.ByteType@10a6621
[DEBUG] 2023-03-25 13:24:34.337 [http-nio-8080-exec-3] BasicTypeRegistry - Adding type registration byte -> org.hibernate.type.ByteType@10a6621
[DEBUG] 2023-03-25 13:24:34.339 [http-nio-8080-exec-3] BasicTypeRegistry - Adding type registration java.lang.Byte -> org.hibernate.type.ByteType@10a6621
[DEBUG] 2023-03-25 13:24:34.341 [http-nio-8080-exec-3] BasicTypeRegistry - Adding type registration character -> org.hibernate.type.CharacterType@6fdd6b78
[DEBUG] 2023-03-25 13:24:34.366 [http-nio-8080-exec-3] BasicTypeRegistry - Adding type registration char -> org.hibernate.type.CharacterType@6fdd6b78
[DEBUG] 2023-03-25 13:24:34.366 [http-nio-8080-exec-3] BasicTypeRegistry - Adding type registration java.lang.Character -> org.hibernate.type.CharacterType@6fdd6b78
[DEBUG] 2023-03-25 13:24:34.375 [http-nio-8080-exec-3] BasicTypeRegistry - Adding type registration short -> org.hibernate.type.ShortType@78c19d6a
[DEBUG] 2023-03-25 13:24:34.376 [http-nio-8080-exec-3] BasicTypeRegistry - Adding type registration short -> org.hibernate.type.ShortType@78c19d6a
[DEBUG] 2023-03-25 13:24:34.376 [http-nio-8080-exec-3] BasicTypeRegistry - Adding type registration java.lang.Short -> org.hibernate.type.ShortType@78c19d6a
[DEBUG] 2023-03-25 13:24:34.379 [http-nio-8080-exec-3] BasicTypeRegistry - Adding type registration integer -> org.hibernate.type.IntegerType@49b021c7
[DEBUG] 2023-03-25 13:24:34.379 [http-nio-8080-exec-3] BasicTypeRegistry - Adding type registration int -> org.hibernate.type.IntegerType@49b021c7
[DEBUG] 2023-03-25 13:24:34.379 [http-nio-8080-exec-3] BasicTypeRegistry - Adding type registration java.lang.Integer -> org.hibernate.type.IntegerType@49b021c7
[DEBUG] 2023-03-25 13:24:34.381 [http-nio-8080-exec-3] BasicTypeRegistry - Adding type registration long -> org.hibernate.type.LongType@3aea9454
[DEBUG] 2023-03-25 13:24:34.382 [http-nio-8080-exec-3] BasicTypeRegistry - Adding type registration long -> org.hibernate.type.LongType@3aea9454
[DEBUG] 2023-03-25 13:24:34.382 [http-nio-8080-exec-3] BasicTypeRegistry - Adding type registration java.lang.Long -> org.hibernate.type.LongType@3aea9454
[DEBUG] 2023-03-25 13:24:34.384 [http-nio-8080-exec-3] BasicTypeRegistry - Adding type registration float -> org.hibernate.type.FloatType@6d5a3254
[DEBUG] 2023-03-25 13:24:34.385 [http-nio-8080-exec-3] BasicTypeRegistry - Adding type registration float -> org.hibernate.type.FloatType@6d5a3254
[DEBUG] 2023-03-25 13:24:34.386 [http-nio-8080-exec-3] BasicTypeRegistry - Adding type registration java.lang.Float -> org.hibernate.type.FloatType@6d5a3254
[DEBUG] 2023-03-25 13:24:34.407 [http-nio-8080-exec-3] BasicTypeRegistry - Adding type registration double -> org.hibernate.type.DoubleType@6e835d5d
[DEBUG] 2023-03-25 13:24:34.411 [http-nio-8080-exec-3] BasicTypeRegistry - Adding type registration double -> org.hibernate.type.DoubleType@6e835d5d
[DEBUG] 2023-03-25 13:24:34.412 [http-nio-8080-exec-3] BasicTypeRegistry - Adding type registration java.lang.Double -> org.hibernate.type.DoubleType@6e835d5d
[DEBUG] 2023-03-25 13:24:34.420 [http-nio-8080-exec-3] BasicTypeRegistry - Adding type registration big_decimal -> org.hibernate.type.BigDecimalType@79b146eb
[DEBUG] 2023-03-25 13:24:34.420 [http-nio-8080-exec-3] BasicTypeRegistry - Adding type registration java.math.BigDecimal -> org.hibernate.type.BigDecimalType@79b146eb
[DEBUG] 2023-03-25 13:24:34.422 [http-nio-8080-exec-3] BasicTypeRegistry - Adding type registration big_integer -> org.hibernate.type.BigIntegerType@751c8626
[DEBUG] 2023-03-25 13:24:34.431 [http-nio-8080-exec-3] BasicTypeRegistry - Adding type registration java.math.BigInteger -> org.hibernate.type.BigIntegerType@751c8626
[DEBUG] 2023-03-25 13:24:34.436 [http-nio-8080-exec-3] BasicTypeRegistry - Adding type registration string -> org.hibernate.type.StringType@64616ff4
[DEBUG] 2023-03-25 13:24:34.437 [http-nio-8080-exec-3] BasicTypeRegistry - Adding type registration java.lang.String -> org.hibernate.type.StringType@64616ff4
[DEBUG] 2023-03-25 13:24:34.437 [http-nio-8080-exec-3] BasicTypeRegistry - Adding type registration nstring -> org.hibernate.type.StringNVarcharType@169dfbee
[DEBUG] 2023-03-25 13:24:34.438 [http-nio-8080-exec-3] BasicTypeRegistry - Adding type registration ncharacter -> org.hibernate.type.CharacterNCharType@6e6a07b8
[DEBUG] 2023-03-25 13:24:34.439 [http-nio-8080-exec-3] BasicTypeRegistry - Adding type registration url -> org.hibernate.type.UrlType@4eec309c
[DEBUG] 2023-03-25 13:24:34.439 [http-nio-8080-exec-3] BasicTypeRegistry - Adding type registration java.net.URL -> org.hibernate.type.UrlType@4eec309c
[DEBUG] 2023-03-25 13:24:34.454 [http-nio-8080-exec-3] BasicTypeRegistry - Adding type registration Duration -> org.hibernate.type.DurationType@e527684
[DEBUG] 2023-03-25 13:24:34.454 [http-nio-8080-exec-3] BasicTypeRegistry - Adding type registration java.time.Duration -> org.hibernate.type.DurationType@e527684
[DEBUG] 2023-03-25 13:24:34.491 [http-nio-8080-exec-3] BasicTypeRegistry - Adding type registration Instant -> org.hibernate.type.InstantType@71ff4a8f
[DEBUG] 2023-03-25 13:24:34.505 [http-nio-8080-exec-3] BasicTypeRegistry - Adding type registration java.time.Instant -> org.hibernate.type.InstantType@71ff4a8f
[DEBUG] 2023-03-25 13:24:34.509 [http-nio-8080-exec-3] BasicTypeRegistry - Adding type registration LocalDateTime -> org.hibernate.type.LocalDateTimeType@63022f26
[DEBUG] 2023-03-25 13:24:34.510 [http-nio-8080-exec-3] BasicTypeRegistry - Adding type registration java.time.LocalDateTime -> org.hibernate.type.LocalDateTimeType@63022f26
[DEBUG] 2023-03-25 13:24:34.512 [http-nio-8080-exec-3] BasicTypeRegistry - Adding type registration LocalDate -> org.hibernate.type.LocalDateType@11f81b60
[DEBUG] 2023-03-25 13:24:34.517 [http-nio-8080-exec-3] BasicTypeRegistry - Adding type registration java.time.LocalDate -> org.hibernate.type.LocalDateType@11f81b60
[DEBUG] 2023-03-25 13:24:34.524 [http-nio-8080-exec-3] BasicTypeRegistry - Adding type registration LocalTime -> org.hibernate.type.LocalTimeType@62c07021
[DEBUG] 2023-03-25 13:24:34.524 [http-nio-8080-exec-3] BasicTypeRegistry - Adding type registration java.time.LocalTime -> org.hibernate.type.LocalTimeType@62c07021
[DEBUG] 2023-03-25 13:24:34.538 [http-nio-8080-exec-3] BasicTypeRegistry - Adding type registration OffsetDateTime -> org.hibernate.type.OffsetDateTimeType@2c61f4f
[DEBUG] 2023-03-25 13:24:34.539 [http-nio-8080-exec-3] BasicTypeRegistry - Adding type registration java.time.OffsetDateTime -> org.hibernate.type.OffsetDateTimeType@2c61f4f
[DEBUG] 2023-03-25 13:24:34.544 [http-nio-8080-exec-3] BasicTypeRegistry - Adding type registration OffsetTime -> org.hibernate.type.OffsetTimeType@58c0e82f
[DEBUG] 2023-03-25 13:24:34.545 [http-nio-8080-exec-3] BasicTypeRegistry - Adding type registration java.time.OffsetTime -> org.hibernate.type.OffsetTimeType@58c0e82f
[DEBUG] 2023-03-25 13:24:34.553 [http-nio-8080-exec-3] BasicTypeRegistry - Adding type registration ZonedDateTime -> org.hibernate.type.ZonedDateTimeType@50f0e693
[DEBUG] 2023-03-25 13:24:34.554 [http-nio-8080-exec-3] BasicTypeRegistry - Adding type registration java.time.ZonedDateTime -> org.hibernate.type.ZonedDateTimeType@50f0e693
[DEBUG] 2023-03-25 13:24:34.557 [http-nio-8080-exec-3] BasicTypeRegistry - Adding type registration date -> org.hibernate.type.DateType@6db25f12
[DEBUG] 2023-03-25 13:24:34.557 [http-nio-8080-exec-3] BasicTypeRegistry - Adding type registration java.sql.Date -> org.hibernate.type.DateType@6db25f12
[DEBUG] 2023-03-25 13:24:34.575 [http-nio-8080-exec-3] BasicTypeRegistry - Adding type registration time -> org.hibernate.type.TimeType@449fb696
[DEBUG] 2023-03-25 13:24:34.576 [http-nio-8080-exec-3] BasicTypeRegistry - Adding type registration java.sql.Time -> org.hibernate.type.TimeType@449fb696
[DEBUG] 2023-03-25 13:24:34.579 [http-nio-8080-exec-3] BasicTypeRegistry - Adding type registration timestamp -> org.hibernate.type.TimestampType@f7f58ff
[DEBUG] 2023-03-25 13:24:34.579 [http-nio-8080-exec-3] BasicTypeRegistry - Adding type registration java.sql.Timestamp -> org.hibernate.type.TimestampType@f7f58ff
[DEBUG] 2023-03-25 13:24:34.579 [http-nio-8080-exec-3] BasicTypeRegistry - Adding type registration java.util.Date -> org.hibernate.type.TimestampType@f7f58ff
[DEBUG] 2023-03-25 13:24:34.583 [http-nio-8080-exec-3] BasicTypeRegistry - Adding type registration dbtimestamp -> org.hibernate.type.DbTimestampType@2658e599
[DEBUG] 2023-03-25 13:24:34.585 [http-nio-8080-exec-3] BasicTypeRegistry - Adding type registration calendar -> org.hibernate.type.CalendarType@28b63c27
[DEBUG] 2023-03-25 13:24:34.602 [http-nio-8080-exec-3] BasicTypeRegistry - Adding type registration java.util.Calendar -> org.hibernate.type.CalendarType@28b63c27
[DEBUG] 2023-03-25 13:24:34.602 [http-nio-8080-exec-3] BasicTypeRegistry - Adding type registration java.util.GregorianCalendar -> org.hibernate.type.CalendarType@28b63c27
[DEBUG] 2023-03-25 13:24:34.607 [http-nio-8080-exec-3] BasicTypeRegistry - Adding type registration calendar_date -> org.hibernate.type.CalendarDateType@7fdff05d
[DEBUG] 2023-03-25 13:24:34.612 [http-nio-8080-exec-3] BasicTypeRegistry - Adding type registration locale -> org.hibernate.type.LocaleType@5afd0314
[DEBUG] 2023-03-25 13:24:34.613 [http-nio-8080-exec-3] BasicTypeRegistry - Adding type registration java.util.Locale -> org.hibernate.type.LocaleType@5afd0314
[DEBUG] 2023-03-25 13:24:34.616 [http-nio-8080-exec-3] BasicTypeRegistry - Adding type registration currency -> org.hibernate.type.CurrencyType@6cc18f07
[DEBUG] 2023-03-25 13:24:34.616 [http-nio-8080-exec-3] BasicTypeRegistry - Adding type registration java.util.Currency -> org.hibernate.type.CurrencyType@6cc18f07
[DEBUG] 2023-03-25 13:24:34.617 [http-nio-8080-exec-3] BasicTypeRegistry - Adding type registration timezone -> org.hibernate.type.TimeZoneType@348e0ebc
[DEBUG] 2023-03-25 13:24:34.617 [http-nio-8080-exec-3] BasicTypeRegistry - Adding type registration java.util.TimeZone -> org.hibernate.type.TimeZoneType@348e0ebc
[DEBUG] 2023-03-25 13:24:34.618 [http-nio-8080-exec-3] BasicTypeRegistry - Adding type registration class -> org.hibernate.type.ClassType@784bf67d
[DEBUG] 2023-03-25 13:24:34.619 [http-nio-8080-exec-3] BasicTypeRegistry - Adding type registration java.lang.Class -> org.hibernate.type.ClassType@784bf67d
[DEBUG] 2023-03-25 13:24:34.620 [http-nio-8080-exec-3] BasicTypeRegistry - Adding type registration uuid-binary -> org.hibernate.type.UUIDBinaryType@331c19d6
[DEBUG] 2023-03-25 13:24:34.620 [http-nio-8080-exec-3] BasicTypeRegistry - Adding type registration java.util.UUID -> org.hibernate.type.UUIDBinaryType@331c19d6
[DEBUG] 2023-03-25 13:24:34.624 [http-nio-8080-exec-3] BasicTypeRegistry - Adding type registration uuid-char -> org.hibernate.type.UUIDCharType@cf60b3
[DEBUG] 2023-03-25 13:24:34.626 [http-nio-8080-exec-3] BasicTypeRegistry - Adding type registration binary -> org.hibernate.type.BinaryType@393d7c60
[DEBUG] 2023-03-25 13:24:34.627 [http-nio-8080-exec-3] BasicTypeRegistry - Adding type registration byte[] -> org.hibernate.type.BinaryType@393d7c60
[DEBUG] 2023-03-25 13:24:34.627 [http-nio-8080-exec-3] BasicTypeRegistry - Adding type registration [B -> org.hibernate.type.BinaryType@393d7c60
[DEBUG] 2023-03-25 13:24:34.628 [http-nio-8080-exec-3] BasicTypeRegistry - Adding type registration wrapper-binary -> org.hibernate.type.WrapperBinaryType@123ebee5
[DEBUG] 2023-03-25 13:24:34.628 [http-nio-8080-exec-3] BasicTypeRegistry - Adding type registration Byte[] -> org.hibernate.type.WrapperBinaryType@123ebee5
[DEBUG] 2023-03-25 13:24:34.628 [http-nio-8080-exec-3] BasicTypeRegistry - Adding type registration [Ljava.lang.Byte; -> org.hibernate.type.WrapperBinaryType@123ebee5
[DEBUG] 2023-03-25 13:24:34.629 [http-nio-8080-exec-3] BasicTypeRegistry - Adding type registration row_version -> org.hibernate.type.RowVersionType@6db0299f
[DEBUG] 2023-03-25 13:24:34.629 [http-nio-8080-exec-3] BasicTypeRegistry - Adding type registration image -> org.hibernate.type.ImageType@7c75a317
[DEBUG] 2023-03-25 13:24:34.630 [http-nio-8080-exec-3] BasicTypeRegistry - Adding type registration characters -> org.hibernate.type.CharArrayType@886d160
[DEBUG] 2023-03-25 13:24:34.630 [http-nio-8080-exec-3] BasicTypeRegistry - Adding type registration char[] -> org.hibernate.type.CharArrayType@886d160
[DEBUG] 2023-03-25 13:24:34.630 [http-nio-8080-exec-3] BasicTypeRegistry - Adding type registration [C -> org.hibernate.type.CharArrayType@886d160
[DEBUG] 2023-03-25 13:24:34.630 [http-nio-8080-exec-3] BasicTypeRegistry - Adding type registration wrapper-characters -> org.hibernate.type.CharacterArrayType@7a992c9b
[DEBUG] 2023-03-25 13:24:34.630 [http-nio-8080-exec-3] BasicTypeRegistry - Adding type registration [Ljava.lang.Character; -> org.hibernate.type.CharacterArrayType@7a992c9b
[DEBUG] 2023-03-25 13:24:34.631 [http-nio-8080-exec-3] BasicTypeRegistry - Adding type registration Character[] -> org.hibernate.type.CharacterArrayType@7a992c9b
[DEBUG] 2023-03-25 13:24:34.631 [http-nio-8080-exec-3] BasicTypeRegistry - Adding type registration text -> org.hibernate.type.TextType@5545184
[DEBUG] 2023-03-25 13:24:34.631 [http-nio-8080-exec-3] BasicTypeRegistry - Adding type registration ntext -> org.hibernate.type.NTextType@19025382
[DEBUG] 2023-03-25 13:24:34.632 [http-nio-8080-exec-3] BasicTypeRegistry - Adding type registration blob -> org.hibernate.type.BlobType@4631a66e
[DEBUG] 2023-03-25 13:24:34.632 [http-nio-8080-exec-3] BasicTypeRegistry - Adding type registration java.sql.Blob -> org.hibernate.type.BlobType@4631a66e
[DEBUG] 2023-03-25 13:24:34.632 [http-nio-8080-exec-3] BasicTypeRegistry - Adding type registration materialized_blob -> org.hibernate.type.MaterializedBlobType@f6e6855
[DEBUG] 2023-03-25 13:24:34.642 [http-nio-8080-exec-3] BasicTypeRegistry - Adding type registration clob -> org.hibernate.type.ClobType@ff2ca1d
[DEBUG] 2023-03-25 13:24:34.643 [http-nio-8080-exec-3] BasicTypeRegistry - Adding type registration java.sql.Clob -> org.hibernate.type.ClobType@ff2ca1d
[DEBUG] 2023-03-25 13:24:34.644 [http-nio-8080-exec-3] BasicTypeRegistry - Adding type registration nclob -> org.hibernate.type.NClobType@2bc3df2
[DEBUG] 2023-03-25 13:24:34.644 [http-nio-8080-exec-3] BasicTypeRegistry - Adding type registration java.sql.NClob -> org.hibernate.type.NClobType@2bc3df2
[DEBUG] 2023-03-25 13:24:34.648 [http-nio-8080-exec-3] BasicTypeRegistry - Adding type registration materialized_clob -> org.hibernate.type.MaterializedClobType@78cd6c64
[DEBUG] 2023-03-25 13:24:34.648 [http-nio-8080-exec-3] BasicTypeRegistry - Adding type registration materialized_nclob -> org.hibernate.type.MaterializedNClobType@7bccfc3
[DEBUG] 2023-03-25 13:24:34.655 [http-nio-8080-exec-3] BasicTypeRegistry - Adding type registration serializable -> org.hibernate.type.SerializableType@7083b445
[DEBUG] 2023-03-25 13:24:34.660 [http-nio-8080-exec-3] BasicTypeRegistry - Adding type registration object -> org.hibernate.type.ObjectType@4ab7426d
[DEBUG] 2023-03-25 13:24:34.660 [http-nio-8080-exec-3] BasicTypeRegistry - Adding type registration java.lang.Object -> org.hibernate.type.ObjectType@4ab7426d
[DEBUG] 2023-03-25 13:24:34.664 [http-nio-8080-exec-3] BasicTypeRegistry - Adding type registration imm_date -> org.hibernate.type.AdaptedImmutableType@6b98b671
[DEBUG] 2023-03-25 13:24:34.664 [http-nio-8080-exec-3] BasicTypeRegistry - Adding type registration imm_time -> org.hibernate.type.AdaptedImmutableType@22bf55e8
[DEBUG] 2023-03-25 13:24:34.664 [http-nio-8080-exec-3] BasicTypeRegistry - Adding type registration imm_timestamp -> org.hibernate.type.AdaptedImmutableType@13b9b6e4
[DEBUG] 2023-03-25 13:24:34.664 [http-nio-8080-exec-3] BasicTypeRegistry - Adding type registration imm_dbtimestamp -> org.hibernate.type.AdaptedImmutableType@69d5e19f
[DEBUG] 2023-03-25 13:24:34.664 [http-nio-8080-exec-3] BasicTypeRegistry - Adding type registration imm_calendar -> org.hibernate.type.AdaptedImmutableType@47d0f9ea
[DEBUG] 2023-03-25 13:24:34.664 [http-nio-8080-exec-3] BasicTypeRegistry - Adding type registration imm_calendar_date -> org.hibernate.type.AdaptedImmutableType@1f18f4ed
[DEBUG] 2023-03-25 13:24:34.664 [http-nio-8080-exec-3] BasicTypeRegistry - Adding type registration imm_binary -> org.hibernate.type.AdaptedImmutableType@41c87f7c
[DEBUG] 2023-03-25 13:24:34.665 [http-nio-8080-exec-3] BasicTypeRegistry - Adding type registration imm_serializable -> org.hibernate.type.AdaptedImmutableType@7d7b7c3
[DEBUG] 2023-03-25 13:24:34.804 [http-nio-8080-exec-3] DefaultIdentifierGeneratorFactory - Registering IdentifierGenerator strategy [uuid2] -> [org.hibernate.id.UUIDGenerator]
[DEBUG] 2023-03-25 13:24:34.806 [http-nio-8080-exec-3] DefaultIdentifierGeneratorFactory - Registering IdentifierGenerator strategy [guid] -> [org.hibernate.id.GUIDGenerator]
[DEBUG] 2023-03-25 13:24:34.810 [http-nio-8080-exec-3] DefaultIdentifierGeneratorFactory - Registering IdentifierGenerator strategy [uuid] -> [org.hibernate.id.UUIDHexGenerator]
[DEBUG] 2023-03-25 13:24:34.810 [http-nio-8080-exec-3] DefaultIdentifierGeneratorFactory - Registering IdentifierGenerator strategy [uuid.hex] -> [org.hibernate.id.UUIDHexGenerator]
[DEBUG] 2023-03-25 13:24:34.812 [http-nio-8080-exec-3] DefaultIdentifierGeneratorFactory - Registering IdentifierGenerator strategy [assigned] -> [org.hibernate.id.Assigned]
[DEBUG] 2023-03-25 13:24:34.821 [http-nio-8080-exec-3] DefaultIdentifierGeneratorFactory - Registering IdentifierGenerator strategy [identity] -> [org.hibernate.id.IdentityGenerator]
[DEBUG] 2023-03-25 13:24:34.822 [http-nio-8080-exec-3] DefaultIdentifierGeneratorFactory - Registering IdentifierGenerator strategy [select] -> [org.hibernate.id.SelectGenerator]
[DEBUG] 2023-03-25 13:24:34.854 [http-nio-8080-exec-3] DefaultIdentifierGeneratorFactory - Registering IdentifierGenerator strategy [sequence] -> [org.hibernate.id.enhanced.SequenceStyleGenerator]
[DEBUG] 2023-03-25 13:24:34.856 [http-nio-8080-exec-3] DefaultIdentifierGeneratorFactory - Registering IdentifierGenerator strategy [seqhilo] -> [org.hibernate.id.SequenceHiLoGenerator]
[DEBUG] 2023-03-25 13:24:34.866 [http-nio-8080-exec-3] DefaultIdentifierGeneratorFactory - Registering IdentifierGenerator strategy [increment] -> [org.hibernate.id.IncrementGenerator]
[DEBUG] 2023-03-25 13:24:34.867 [http-nio-8080-exec-3] DefaultIdentifierGeneratorFactory - Registering IdentifierGenerator strategy [foreign] -> [org.hibernate.id.ForeignGenerator]
[DEBUG] 2023-03-25 13:24:34.868 [http-nio-8080-exec-3] DefaultIdentifierGeneratorFactory - Registering IdentifierGenerator strategy [sequence-identity] -> [org.hibernate.id.SequenceIdentityGenerator]
[DEBUG] 2023-03-25 13:24:34.868 [http-nio-8080-exec-3] DefaultIdentifierGeneratorFactory - Registering IdentifierGenerator strategy [enhanced-sequence] -> [org.hibernate.id.enhanced.SequenceStyleGenerator]
[DEBUG] 2023-03-25 13:24:34.882 [http-nio-8080-exec-3] DefaultIdentifierGeneratorFactory - Registering IdentifierGenerator strategy [enhanced-table] -> [org.hibernate.id.enhanced.TableGenerator]
[INFO ] 2023-03-25 13:24:34.912 [http-nio-8080-exec-3] C3P0ConnectionProvider - HHH010002: C3P0 using driver: com.mysql.cj.jdbc.Driver at URL: jdbc:mysql://awseb-e-aup2v2ryhu-stack-awsebrdsdatabase-hrlzpyxyjwdl.cp6toaqcgq5d.us-east-2.rds.amazonaws.com:3306/foodieGrub
[INFO ] 2023-03-25 13:24:34.913 [http-nio-8080-exec-3] C3P0ConnectionProvider - HHH10001001: Connection properties: {password=****, user=student}
[INFO ] 2023-03-25 13:24:34.913 [http-nio-8080-exec-3] C3P0ConnectionProvider - HHH10001003: Autocommit mode: false
[INFO ] 2023-03-25 13:24:35.628 [http-nio-8080-exec-3] C3P0ConnectionProvider - HHH10001007: JDBC isolation level: <unknown>
