[DEBUG] 2023-02-14 14:30:33.937 [main] IntegratorServiceImpl - Adding Integrator [org.hibernate.cfg.beanvalidation.BeanValidationIntegrator].
[DEBUG] 2023-02-14 14:30:33.964 [main] IntegratorServiceImpl - Adding Integrator [org.hibernate.secure.spi.JaccIntegrator].
[DEBUG] 2023-02-14 14:30:33.983 [main] IntegratorServiceImpl - Adding Integrator [org.hibernate.cache.internal.CollectionCacheInvalidator].
[INFO ] 2023-02-14 14:30:34.251 [main] Version - HHH000412: Hibernate Core {5.4.4.Final}
[DEBUG] 2023-02-14 14:30:34.264 [main] Environment - HHH000206: hibernate.properties not found
[DEBUG] 2023-02-14 14:30:34.767 [main] LocalXmlResourceResolver - Interpreting public/system identifier : [.//Hibernate/Hiberntae Configuration DTD//EN] - [http://www.hibernate.org/dtd/hibernate-configuration-3.0.dtd]
[DEBUG] 2023-02-14 14:30:34.768 [main] LocalXmlResourceResolver - Recognized hibernate-configuration identifier; attempting to resolve on classpath under org/hibernate/
[DEBUG] 2023-02-14 14:30:34.792 [main] JaxbCfgProcessor - cfg.xml document did not define namespaces; wrapping in custom event reader to introduce namespace information
[DEBUG] 2023-02-14 14:30:35.560 [main] ServiceBinding - Overriding existing service binding [org.hibernate.secure.spi.JaccService]
[DEBUG] 2023-02-14 14:30:35.624 [main] RegionFactoryInitiator - Cannot default RegionFactory based on registered strategies as `[]` RegionFactory strategies were registered
[DEBUG] 2023-02-14 14:30:35.639 [main] RegionFactoryInitiator - Cache region factory : org.hibernate.cache.internal.NoCachingRegionFactory
[INFO ] 2023-02-14 14:30:35.739 [main] Version - HCANN000001: Hibernate Commons Annotations {5.1.0.Final}
[DEBUG] 2023-02-14 14:30:35.813 [main] BasicTypeRegistry - Adding type registration boolean -> org.hibernate.type.BooleanType@6ecab872
[DEBUG] 2023-02-14 14:30:35.816 [main] BasicTypeRegistry - Adding type registration boolean -> org.hibernate.type.BooleanType@6ecab872
[DEBUG] 2023-02-14 14:30:35.816 [main] BasicTypeRegistry - Adding type registration java.lang.Boolean -> org.hibernate.type.BooleanType@6ecab872
[DEBUG] 2023-02-14 14:30:35.816 [main] BasicTypeRegistry - Adding type registration numeric_boolean -> org.hibernate.type.NumericBooleanType@2a066689
[DEBUG] 2023-02-14 14:30:35.817 [main] BasicTypeRegistry - Adding type registration true_false -> org.hibernate.type.TrueFalseType@74294c1a
[DEBUG] 2023-02-14 14:30:35.818 [main] BasicTypeRegistry - Adding type registration yes_no -> org.hibernate.type.YesNoType@47a7a101
[DEBUG] 2023-02-14 14:30:35.819 [main] BasicTypeRegistry - Adding type registration byte -> org.hibernate.type.ByteType@6c42f2a1
[DEBUG] 2023-02-14 14:30:35.819 [main] BasicTypeRegistry - Adding type registration byte -> org.hibernate.type.ByteType@6c42f2a1
[DEBUG] 2023-02-14 14:30:35.819 [main] BasicTypeRegistry - Adding type registration java.lang.Byte -> org.hibernate.type.ByteType@6c42f2a1
[DEBUG] 2023-02-14 14:30:35.820 [main] BasicTypeRegistry - Adding type registration character -> org.hibernate.type.CharacterType@4867ab9f
[DEBUG] 2023-02-14 14:30:35.820 [main] BasicTypeRegistry - Adding type registration char -> org.hibernate.type.CharacterType@4867ab9f
[DEBUG] 2023-02-14 14:30:35.820 [main] BasicTypeRegistry - Adding type registration java.lang.Character -> org.hibernate.type.CharacterType@4867ab9f
[DEBUG] 2023-02-14 14:30:35.822 [main] BasicTypeRegistry - Adding type registration short -> org.hibernate.type.ShortType@46c3a14d
[DEBUG] 2023-02-14 14:30:35.822 [main] BasicTypeRegistry - Adding type registration short -> org.hibernate.type.ShortType@46c3a14d
[DEBUG] 2023-02-14 14:30:35.822 [main] BasicTypeRegistry - Adding type registration java.lang.Short -> org.hibernate.type.ShortType@46c3a14d
[DEBUG] 2023-02-14 14:30:35.823 [main] BasicTypeRegistry - Adding type registration integer -> org.hibernate.type.IntegerType@1de0a46c
[DEBUG] 2023-02-14 14:30:35.823 [main] BasicTypeRegistry - Adding type registration int -> org.hibernate.type.IntegerType@1de0a46c
[DEBUG] 2023-02-14 14:30:35.825 [main] BasicTypeRegistry - Adding type registration java.lang.Integer -> org.hibernate.type.IntegerType@1de0a46c
[DEBUG] 2023-02-14 14:30:35.826 [main] BasicTypeRegistry - Adding type registration long -> org.hibernate.type.LongType@25cd49a4
[DEBUG] 2023-02-14 14:30:35.827 [main] BasicTypeRegistry - Adding type registration long -> org.hibernate.type.LongType@25cd49a4
[DEBUG] 2023-02-14 14:30:35.827 [main] BasicTypeRegistry - Adding type registration java.lang.Long -> org.hibernate.type.LongType@25cd49a4
[DEBUG] 2023-02-14 14:30:35.827 [main] BasicTypeRegistry - Adding type registration float -> org.hibernate.type.FloatType@43b40233
[DEBUG] 2023-02-14 14:30:35.827 [main] BasicTypeRegistry - Adding type registration float -> org.hibernate.type.FloatType@43b40233
[DEBUG] 2023-02-14 14:30:35.842 [main] BasicTypeRegistry - Adding type registration java.lang.Float -> org.hibernate.type.FloatType@43b40233
[DEBUG] 2023-02-14 14:30:35.844 [main] BasicTypeRegistry - Adding type registration double -> org.hibernate.type.DoubleType@35cd68d4
[DEBUG] 2023-02-14 14:30:35.845 [main] BasicTypeRegistry - Adding type registration double -> org.hibernate.type.DoubleType@35cd68d4
[DEBUG] 2023-02-14 14:30:35.845 [main] BasicTypeRegistry - Adding type registration java.lang.Double -> org.hibernate.type.DoubleType@35cd68d4
[DEBUG] 2023-02-14 14:30:35.846 [main] BasicTypeRegistry - Adding type registration big_decimal -> org.hibernate.type.BigDecimalType@2eadc9f6
[DEBUG] 2023-02-14 14:30:35.846 [main] BasicTypeRegistry - Adding type registration java.math.BigDecimal -> org.hibernate.type.BigDecimalType@2eadc9f6
[DEBUG] 2023-02-14 14:30:35.847 [main] BasicTypeRegistry - Adding type registration big_integer -> org.hibernate.type.BigIntegerType@168cd36b
[DEBUG] 2023-02-14 14:30:35.847 [main] BasicTypeRegistry - Adding type registration java.math.BigInteger -> org.hibernate.type.BigIntegerType@168cd36b
[DEBUG] 2023-02-14 14:30:35.847 [main] BasicTypeRegistry - Adding type registration string -> org.hibernate.type.StringType@700f518a
[DEBUG] 2023-02-14 14:30:35.847 [main] BasicTypeRegistry - Adding type registration java.lang.String -> org.hibernate.type.StringType@700f518a
[DEBUG] 2023-02-14 14:30:35.848 [main] BasicTypeRegistry - Adding type registration nstring -> org.hibernate.type.StringNVarcharType@260ff5b7
[DEBUG] 2023-02-14 14:30:35.848 [main] BasicTypeRegistry - Adding type registration ncharacter -> org.hibernate.type.CharacterNCharType@319c3a25
[DEBUG] 2023-02-14 14:30:35.849 [main] BasicTypeRegistry - Adding type registration url -> org.hibernate.type.UrlType@199bc830
[DEBUG] 2023-02-14 14:30:35.849 [main] BasicTypeRegistry - Adding type registration java.net.URL -> org.hibernate.type.UrlType@199bc830
[DEBUG] 2023-02-14 14:30:35.849 [main] BasicTypeRegistry - Adding type registration Duration -> org.hibernate.type.DurationType@161f6623
[DEBUG] 2023-02-14 14:30:35.849 [main] BasicTypeRegistry - Adding type registration java.time.Duration -> org.hibernate.type.DurationType@161f6623
[DEBUG] 2023-02-14 14:30:35.875 [main] BasicTypeRegistry - Adding type registration Instant -> org.hibernate.type.InstantType@bfc14b9
[DEBUG] 2023-02-14 14:30:35.876 [main] BasicTypeRegistry - Adding type registration java.time.Instant -> org.hibernate.type.InstantType@bfc14b9
[DEBUG] 2023-02-14 14:30:35.877 [main] BasicTypeRegistry - Adding type registration LocalDateTime -> org.hibernate.type.LocalDateTimeType@43d38654
[DEBUG] 2023-02-14 14:30:35.877 [main] BasicTypeRegistry - Adding type registration java.time.LocalDateTime -> org.hibernate.type.LocalDateTimeType@43d38654
[DEBUG] 2023-02-14 14:30:35.878 [main] BasicTypeRegistry - Adding type registration LocalDate -> org.hibernate.type.LocalDateType@4fc142ec
[DEBUG] 2023-02-14 14:30:35.878 [main] BasicTypeRegistry - Adding type registration java.time.LocalDate -> org.hibernate.type.LocalDateType@4fc142ec
[DEBUG] 2023-02-14 14:30:35.879 [main] BasicTypeRegistry - Adding type registration LocalTime -> org.hibernate.type.LocalTimeType@1dd7796b
[DEBUG] 2023-02-14 14:30:35.879 [main] BasicTypeRegistry - Adding type registration java.time.LocalTime -> org.hibernate.type.LocalTimeType@1dd7796b
[DEBUG] 2023-02-14 14:30:35.880 [main] BasicTypeRegistry - Adding type registration OffsetDateTime -> org.hibernate.type.OffsetDateTimeType@396639b
[DEBUG] 2023-02-14 14:30:35.881 [main] BasicTypeRegistry - Adding type registration java.time.OffsetDateTime -> org.hibernate.type.OffsetDateTimeType@396639b
[DEBUG] 2023-02-14 14:30:35.894 [main] BasicTypeRegistry - Adding type registration OffsetTime -> org.hibernate.type.OffsetTimeType@10f19647
[DEBUG] 2023-02-14 14:30:35.894 [main] BasicTypeRegistry - Adding type registration java.time.OffsetTime -> org.hibernate.type.OffsetTimeType@10f19647
[DEBUG] 2023-02-14 14:30:35.896 [main] BasicTypeRegistry - Adding type registration ZonedDateTime -> org.hibernate.type.ZonedDateTimeType@42714a7
[DEBUG] 2023-02-14 14:30:35.896 [main] BasicTypeRegistry - Adding type registration java.time.ZonedDateTime -> org.hibernate.type.ZonedDateTimeType@42714a7
[DEBUG] 2023-02-14 14:30:35.897 [main] BasicTypeRegistry - Adding type registration date -> org.hibernate.type.DateType@7fd8c559
[DEBUG] 2023-02-14 14:30:35.897 [main] BasicTypeRegistry - Adding type registration java.sql.Date -> org.hibernate.type.DateType@7fd8c559
[DEBUG] 2023-02-14 14:30:35.904 [main] BasicTypeRegistry - Adding type registration time -> org.hibernate.type.TimeType@6631cb64
[DEBUG] 2023-02-14 14:30:35.904 [main] BasicTypeRegistry - Adding type registration java.sql.Time -> org.hibernate.type.TimeType@6631cb64
[DEBUG] 2023-02-14 14:30:35.905 [main] BasicTypeRegistry - Adding type registration timestamp -> org.hibernate.type.TimestampType@7c1e32c9
[DEBUG] 2023-02-14 14:30:35.905 [main] BasicTypeRegistry - Adding type registration java.sql.Timestamp -> org.hibernate.type.TimestampType@7c1e32c9
[DEBUG] 2023-02-14 14:30:35.905 [main] BasicTypeRegistry - Adding type registration java.util.Date -> org.hibernate.type.TimestampType@7c1e32c9
[DEBUG] 2023-02-14 14:30:35.906 [main] BasicTypeRegistry - Adding type registration dbtimestamp -> org.hibernate.type.DbTimestampType@41b1f51e
[DEBUG] 2023-02-14 14:30:35.912 [main] BasicTypeRegistry - Adding type registration calendar -> org.hibernate.type.CalendarType@7ca8d498
[DEBUG] 2023-02-14 14:30:35.912 [main] BasicTypeRegistry - Adding type registration java.util.Calendar -> org.hibernate.type.CalendarType@7ca8d498
[DEBUG] 2023-02-14 14:30:35.912 [main] BasicTypeRegistry - Adding type registration java.util.GregorianCalendar -> org.hibernate.type.CalendarType@7ca8d498
[DEBUG] 2023-02-14 14:30:35.914 [main] BasicTypeRegistry - Adding type registration calendar_date -> org.hibernate.type.CalendarDateType@19382338
[DEBUG] 2023-02-14 14:30:35.914 [main] BasicTypeRegistry - Adding type registration locale -> org.hibernate.type.LocaleType@718dbd79
[DEBUG] 2023-02-14 14:30:35.914 [main] BasicTypeRegistry - Adding type registration java.util.Locale -> org.hibernate.type.LocaleType@718dbd79
[DEBUG] 2023-02-14 14:30:35.916 [main] BasicTypeRegistry - Adding type registration currency -> org.hibernate.type.CurrencyType@6b3f6585
[DEBUG] 2023-02-14 14:30:35.916 [main] BasicTypeRegistry - Adding type registration java.util.Currency -> org.hibernate.type.CurrencyType@6b3f6585
[DEBUG] 2023-02-14 14:30:35.918 [main] BasicTypeRegistry - Adding type registration timezone -> org.hibernate.type.TimeZoneType@6cd164a6
[DEBUG] 2023-02-14 14:30:35.922 [main] BasicTypeRegistry - Adding type registration java.util.TimeZone -> org.hibernate.type.TimeZoneType@6cd164a6
[DEBUG] 2023-02-14 14:30:35.924 [main] BasicTypeRegistry - Adding type registration class -> org.hibernate.type.ClassType@692e028d
[DEBUG] 2023-02-14 14:30:35.924 [main] BasicTypeRegistry - Adding type registration java.lang.Class -> org.hibernate.type.ClassType@692e028d
[DEBUG] 2023-02-14 14:30:35.928 [main] BasicTypeRegistry - Adding type registration uuid-binary -> org.hibernate.type.UUIDBinaryType@1835d3ed
[DEBUG] 2023-02-14 14:30:35.929 [main] BasicTypeRegistry - Adding type registration java.util.UUID -> org.hibernate.type.UUIDBinaryType@1835d3ed
[DEBUG] 2023-02-14 14:30:35.929 [main] BasicTypeRegistry - Adding type registration uuid-char -> org.hibernate.type.UUIDCharType@3cb8c8ce
[DEBUG] 2023-02-14 14:30:35.938 [main] BasicTypeRegistry - Adding type registration binary -> org.hibernate.type.BinaryType@6438a7fe
[DEBUG] 2023-02-14 14:30:35.939 [main] BasicTypeRegistry - Adding type registration byte[] -> org.hibernate.type.BinaryType@6438a7fe
[DEBUG] 2023-02-14 14:30:35.939 [main] BasicTypeRegistry - Adding type registration [B -> org.hibernate.type.BinaryType@6438a7fe
[DEBUG] 2023-02-14 14:30:35.941 [main] BasicTypeRegistry - Adding type registration wrapper-binary -> org.hibernate.type.WrapperBinaryType@44a6a68e
[DEBUG] 2023-02-14 14:30:35.942 [main] BasicTypeRegistry - Adding type registration Byte[] -> org.hibernate.type.WrapperBinaryType@44a6a68e
[DEBUG] 2023-02-14 14:30:35.943 [main] BasicTypeRegistry - Adding type registration [Ljava.lang.Byte; -> org.hibernate.type.WrapperBinaryType@44a6a68e
[DEBUG] 2023-02-14 14:30:35.945 [main] BasicTypeRegistry - Adding type registration row_version -> org.hibernate.type.RowVersionType@329a1f8d
[DEBUG] 2023-02-14 14:30:35.946 [main] BasicTypeRegistry - Adding type registration image -> org.hibernate.type.ImageType@4d62f4c6
[DEBUG] 2023-02-14 14:30:35.947 [main] BasicTypeRegistry - Adding type registration characters -> org.hibernate.type.CharArrayType@2af4129d
[DEBUG] 2023-02-14 14:30:35.947 [main] BasicTypeRegistry - Adding type registration char[] -> org.hibernate.type.CharArrayType@2af4129d
[DEBUG] 2023-02-14 14:30:35.947 [main] BasicTypeRegistry - Adding type registration [C -> org.hibernate.type.CharArrayType@2af4129d
[DEBUG] 2023-02-14 14:30:35.963 [main] BasicTypeRegistry - Adding type registration wrapper-characters -> org.hibernate.type.CharacterArrayType@5e1fc2aa
[DEBUG] 2023-02-14 14:30:35.963 [main] BasicTypeRegistry - Adding type registration [Ljava.lang.Character; -> org.hibernate.type.CharacterArrayType@5e1fc2aa
[DEBUG] 2023-02-14 14:30:35.963 [main] BasicTypeRegistry - Adding type registration Character[] -> org.hibernate.type.CharacterArrayType@5e1fc2aa
[DEBUG] 2023-02-14 14:30:35.964 [main] BasicTypeRegistry - Adding type registration text -> org.hibernate.type.TextType@28737371
[DEBUG] 2023-02-14 14:30:35.964 [main] BasicTypeRegistry - Adding type registration ntext -> org.hibernate.type.NTextType@295bf2a
[DEBUG] 2023-02-14 14:30:35.966 [main] BasicTypeRegistry - Adding type registration blob -> org.hibernate.type.BlobType@4487c0c2
[DEBUG] 2023-02-14 14:30:35.966 [main] BasicTypeRegistry - Adding type registration java.sql.Blob -> org.hibernate.type.BlobType@4487c0c2
[DEBUG] 2023-02-14 14:30:35.967 [main] BasicTypeRegistry - Adding type registration materialized_blob -> org.hibernate.type.MaterializedBlobType@29f85fe1
[DEBUG] 2023-02-14 14:30:35.968 [main] BasicTypeRegistry - Adding type registration clob -> org.hibernate.type.ClobType@78226c36
[DEBUG] 2023-02-14 14:30:35.968 [main] BasicTypeRegistry - Adding type registration java.sql.Clob -> org.hibernate.type.ClobType@78226c36
[DEBUG] 2023-02-14 14:30:35.973 [main] BasicTypeRegistry - Adding type registration nclob -> org.hibernate.type.NClobType@20576557
[DEBUG] 2023-02-14 14:30:35.973 [main] BasicTypeRegistry - Adding type registration java.sql.NClob -> org.hibernate.type.NClobType@20576557
[DEBUG] 2023-02-14 14:30:35.973 [main] BasicTypeRegistry - Adding type registration materialized_clob -> org.hibernate.type.MaterializedClobType@a7ad6e5
[DEBUG] 2023-02-14 14:30:35.974 [main] BasicTypeRegistry - Adding type registration materialized_nclob -> org.hibernate.type.MaterializedNClobType@475646d4
[DEBUG] 2023-02-14 14:30:35.991 [main] BasicTypeRegistry - Adding type registration serializable -> org.hibernate.type.SerializableType@fb713e7
[DEBUG] 2023-02-14 14:30:35.994 [main] BasicTypeRegistry - Adding type registration object -> org.hibernate.type.ObjectType@1a2909ae
[DEBUG] 2023-02-14 14:30:35.994 [main] BasicTypeRegistry - Adding type registration java.lang.Object -> org.hibernate.type.ObjectType@1a2909ae
[DEBUG] 2023-02-14 14:30:35.994 [main] BasicTypeRegistry - Adding type registration imm_date -> org.hibernate.type.AdaptedImmutableType@1000d54d
[DEBUG] 2023-02-14 14:30:35.995 [main] BasicTypeRegistry - Adding type registration imm_time -> org.hibernate.type.AdaptedImmutableType@3f4f5330
[DEBUG] 2023-02-14 14:30:35.995 [main] BasicTypeRegistry - Adding type registration imm_timestamp -> org.hibernate.type.AdaptedImmutableType@14b7786
[DEBUG] 2023-02-14 14:30:35.995 [main] BasicTypeRegistry - Adding type registration imm_dbtimestamp -> org.hibernate.type.AdaptedImmutableType@750ff7d3
[DEBUG] 2023-02-14 14:30:35.995 [main] BasicTypeRegistry - Adding type registration imm_calendar -> org.hibernate.type.AdaptedImmutableType@63b3ee82
[DEBUG] 2023-02-14 14:30:35.996 [main] BasicTypeRegistry - Adding type registration imm_calendar_date -> org.hibernate.type.AdaptedImmutableType@2620e717
[DEBUG] 2023-02-14 14:30:35.996 [main] BasicTypeRegistry - Adding type registration imm_binary -> org.hibernate.type.AdaptedImmutableType@7c8d5312
[DEBUG] 2023-02-14 14:30:35.996 [main] BasicTypeRegistry - Adding type registration imm_serializable -> org.hibernate.type.AdaptedImmutableType@7636823f
[DEBUG] 2023-02-14 14:30:36.056 [main] DefaultIdentifierGeneratorFactory - Registering IdentifierGenerator strategy [uuid2] -> [org.hibernate.id.UUIDGenerator]
[DEBUG] 2023-02-14 14:30:36.057 [main] DefaultIdentifierGeneratorFactory - Registering IdentifierGenerator strategy [guid] -> [org.hibernate.id.GUIDGenerator]
[DEBUG] 2023-02-14 14:30:36.059 [main] DefaultIdentifierGeneratorFactory - Registering IdentifierGenerator strategy [uuid] -> [org.hibernate.id.UUIDHexGenerator]
[DEBUG] 2023-02-14 14:30:36.061 [main] DefaultIdentifierGeneratorFactory - Registering IdentifierGenerator strategy [uuid.hex] -> [org.hibernate.id.UUIDHexGenerator]
[DEBUG] 2023-02-14 14:30:36.063 [main] DefaultIdentifierGeneratorFactory - Registering IdentifierGenerator strategy [assigned] -> [org.hibernate.id.Assigned]
[DEBUG] 2023-02-14 14:30:36.069 [main] DefaultIdentifierGeneratorFactory - Registering IdentifierGenerator strategy [identity] -> [org.hibernate.id.IdentityGenerator]
[DEBUG] 2023-02-14 14:30:36.069 [main] DefaultIdentifierGeneratorFactory - Registering IdentifierGenerator strategy [select] -> [org.hibernate.id.SelectGenerator]
[DEBUG] 2023-02-14 14:30:36.072 [main] DefaultIdentifierGeneratorFactory - Registering IdentifierGenerator strategy [sequence] -> [org.hibernate.id.enhanced.SequenceStyleGenerator]
[DEBUG] 2023-02-14 14:30:36.073 [main] DefaultIdentifierGeneratorFactory - Registering IdentifierGenerator strategy [seqhilo] -> [org.hibernate.id.SequenceHiLoGenerator]
[DEBUG] 2023-02-14 14:30:36.085 [main] DefaultIdentifierGeneratorFactory - Registering IdentifierGenerator strategy [increment] -> [org.hibernate.id.IncrementGenerator]
[DEBUG] 2023-02-14 14:30:36.086 [main] DefaultIdentifierGeneratorFactory - Registering IdentifierGenerator strategy [foreign] -> [org.hibernate.id.ForeignGenerator]
[DEBUG] 2023-02-14 14:30:36.087 [main] DefaultIdentifierGeneratorFactory - Registering IdentifierGenerator strategy [sequence-identity] -> [org.hibernate.id.SequenceIdentityGenerator]
[DEBUG] 2023-02-14 14:30:36.087 [main] DefaultIdentifierGeneratorFactory - Registering IdentifierGenerator strategy [enhanced-sequence] -> [org.hibernate.id.enhanced.SequenceStyleGenerator]
[DEBUG] 2023-02-14 14:30:36.088 [main] DefaultIdentifierGeneratorFactory - Registering IdentifierGenerator strategy [enhanced-table] -> [org.hibernate.id.enhanced.TableGenerator]
[INFO ] 2023-02-14 14:30:36.099 [main] C3P0ConnectionProvider - HHH010002: C3P0 using driver: com.mysql.cj.jdbc.Driver at URL: jdbc:mysql://localhost:3306/test_foodie_grub
[INFO ] 2023-02-14 14:30:36.099 [main] C3P0ConnectionProvider - HHH10001001: Connection properties: {password=****, user=root}
[INFO ] 2023-02-14 14:30:36.099 [main] C3P0ConnectionProvider - HHH10001003: Autocommit mode: false
[INFO ] 2023-02-14 14:30:36.432 [main] C3P0ConnectionProvider - HHH10001007: JDBC isolation level: <unknown>
[DEBUG] 2023-02-14 14:30:36.678 [main] JdbcEnvironmentInitiator - Database ->
       name : MySQL
    version : 8.0.22
      major : 8
      minor : 0
[DEBUG] 2023-02-14 14:30:36.730 [main] JdbcEnvironmentInitiator - Driver ->
       name : MySQL Connector/J
    version : mysql-connector-java-8.0.16 (Revision: 34cbc6bc61f72836e26327537a432d6db7c77de6)
      major : 8
      minor : 0
[DEBUG] 2023-02-14 14:30:36.730 [main] JdbcEnvironmentInitiator - JDBC version : 4.2
[INFO ] 2023-02-14 14:30:36.817 [main] Dialect - HHH000400: Using dialect: org.hibernate.dialect.MySQL8Dialect
[DEBUG] 2023-02-14 14:30:36.868 [main] IdentifierHelperBuilder - JDBC driver metadata reported database stores quoted identifiers in more than one case
[DEBUG] 2023-02-14 14:30:36.985 [main] IdentifierHelperBuilder - IdentifierCaseStrategy for both quoted and unquoted identifiers was set to the same strategy [MIXED]; that will likely lead to problems in schema update and validation if using quoted identifiers
[DEBUG] 2023-02-14 14:30:37.050 [main] Namespace - Created database namespace [logicalName=Name{catalog=null, schema=null}, physicalName=Name{catalog=null, schema=null}]
[DEBUG] 2023-02-14 14:30:37.053 [main] TypeConfiguration$Scope - Scoping TypeConfiguration [org.hibernate.type.spi.TypeConfiguration@58fa5769] to MetadataBuildingContext [org.hibernate.boot.internal.MetadataBuildingContextRootImpl@36aa52d2]
[DEBUG] 2023-02-14 14:30:37.172 [main] AnnotationBinder - Binding entity from annotated class: com.amgenz.entity.User
[DEBUG] 2023-02-14 14:30:37.263 [main] Ejb3Column - Binding column: Ejb3DiscriminatorColumn{logicalColumnName'DTYPE', discriminatorTypeName='string'}
[DEBUG] 2023-02-14 14:30:37.267 [main] EntityBinder - Import with entity name Users
[DEBUG] 2023-02-14 14:30:37.279 [main] EntityBinder - Bind entity com.amgenz.entity.User on table users
[DEBUG] 2023-02-14 14:30:37.312 [main] Ejb3Column - Binding column: Ejb3Column{table=org.hibernate.mapping.Table(users), mappingColumn=id, insertable=true, updatable=true, unique=false}
[DEBUG] 2023-02-14 14:30:37.318 [main] PropertyBinder - MetadataSourceProcessor property id with lazy=false
[DEBUG] 2023-02-14 14:30:37.320 [main] AbstractPropertyHolder - Attempting to locate auto-apply AttributeConverter for property [com.amgenz.entity.User:id]
[DEBUG] 2023-02-14 14:30:37.322 [main] SimpleValueBinder - building SimpleValue for id
[DEBUG] 2023-02-14 14:30:37.323 [main] PropertyBinder - Building property id
[DEBUG] 2023-02-14 14:30:37.332 [main] BinderHelper - #makeIdGenerator(org.hibernate.mapping.SimpleValue([org.hibernate.mapping.Column(id)]), id, org.hibernate.id.enhanced.SequenceStyleGenerator, native, ...)
[DEBUG] 2023-02-14 14:30:37.335 [main] Ejb3Column - Binding column: Ejb3Column{table=org.hibernate.mapping.Table(users), mappingColumn=email, insertable=true, updatable=true, unique=false}
[DEBUG] 2023-02-14 14:30:37.336 [main] PropertyBinder - MetadataSourceProcessor property email with lazy=false
[DEBUG] 2023-02-14 14:30:37.336 [main] AbstractPropertyHolder - Attempting to locate auto-apply AttributeConverter for property [com.amgenz.entity.User:email]
[DEBUG] 2023-02-14 14:30:37.337 [main] SimpleValueBinder - building SimpleValue for email
[DEBUG] 2023-02-14 14:30:37.338 [main] PropertyBinder - Building property email
[DEBUG] 2023-02-14 14:30:37.339 [main] Ejb3Column - Binding column: Ejb3Column{table=org.hibernate.mapping.Table(users), mappingColumn=first_name, insertable=true, updatable=true, unique=false}
[DEBUG] 2023-02-14 14:30:37.339 [main] PropertyBinder - MetadataSourceProcessor property firstName with lazy=false
[DEBUG] 2023-02-14 14:30:37.339 [main] AbstractPropertyHolder - Attempting to locate auto-apply AttributeConverter for property [com.amgenz.entity.User:firstName]
[DEBUG] 2023-02-14 14:30:37.339 [main] SimpleValueBinder - building SimpleValue for firstName
[DEBUG] 2023-02-14 14:30:37.339 [main] PropertyBinder - Building property firstName
[DEBUG] 2023-02-14 14:30:37.339 [main] Ejb3Column - Binding column: Ejb3Column{table=org.hibernate.mapping.Table(users), mappingColumn=last_name, insertable=true, updatable=true, unique=false}
[DEBUG] 2023-02-14 14:30:37.340 [main] PropertyBinder - MetadataSourceProcessor property lastName with lazy=false
[DEBUG] 2023-02-14 14:30:37.340 [main] AbstractPropertyHolder - Attempting to locate auto-apply AttributeConverter for property [com.amgenz.entity.User:lastName]
[DEBUG] 2023-02-14 14:30:37.340 [main] SimpleValueBinder - building SimpleValue for lastName
[DEBUG] 2023-02-14 14:30:37.340 [main] PropertyBinder - Building property lastName
[DEBUG] 2023-02-14 14:30:37.346 [main] SimpleValueBinder - Starting fillSimpleValue for id
[DEBUG] 2023-02-14 14:30:37.346 [main] SimpleValueBinder - Starting fillSimpleValue for email
[DEBUG] 2023-02-14 14:30:37.346 [main] SimpleValueBinder - Starting fillSimpleValue for firstName
[DEBUG] 2023-02-14 14:30:37.346 [main] SimpleValueBinder - Starting fillSimpleValue for lastName
[DEBUG] 2023-02-14 14:30:37.347 [main] PrimaryKey - Forcing column [id] to be non-null as it is part of the primary key for table [users]
[DEBUG] 2023-02-14 14:30:37.389 [main] SessionFactoryImpl - Building session factory
[DEBUG] 2023-02-14 14:30:37.390 [main] Settings - SessionFactory name : null
[DEBUG] 2023-02-14 14:30:37.390 [main] Settings - Automatic flush during beforeCompletion(): enabled
[DEBUG] 2023-02-14 14:30:37.390 [main] Settings - Automatic session close at end of transaction: disabled
[DEBUG] 2023-02-14 14:30:37.390 [main] Settings - Statistics: disabled
[DEBUG] 2023-02-14 14:30:37.390 [main] Settings - Deleted entity synthetic identifier rollback: disabled
[DEBUG] 2023-02-14 14:30:37.390 [main] Settings - Default entity-mode: pojo
[DEBUG] 2023-02-14 14:30:37.390 [main] Settings - Check Nullability in Core (should be disabled when Bean Validation is on): enabled
[DEBUG] 2023-02-14 14:30:37.390 [main] Settings - Allow initialization of lazy state outside session : disabled
[DEBUG] 2023-02-14 14:30:37.391 [main] Settings - Using BatchFetchStyle : LEGACY
[DEBUG] 2023-02-14 14:30:37.391 [main] Settings - Default batch fetch size: -1
[DEBUG] 2023-02-14 14:30:37.391 [main] Settings - Maximum outer join fetch depth: 2
[DEBUG] 2023-02-14 14:30:37.391 [main] Settings - Default null ordering: NONE
[DEBUG] 2023-02-14 14:30:37.391 [main] Settings - Order SQL updates by primary key: disabled
[DEBUG] 2023-02-14 14:30:37.391 [main] Settings - Order SQL inserts for batching: disabled
[DEBUG] 2023-02-14 14:30:37.391 [main] Settings - multi-tenancy strategy : NONE
[DEBUG] 2023-02-14 14:30:37.391 [main] Settings - JTA Track by Thread: enabled
[DEBUG] 2023-02-14 14:30:37.391 [main] Settings - Query language substitutions: {}
[DEBUG] 2023-02-14 14:30:37.391 [main] Settings - Named query checking : enabled
[DEBUG] 2023-02-14 14:30:37.391 [main] Settings - Second-level cache: disabled
[DEBUG] 2023-02-14 14:30:37.391 [main] Settings - Second-level query cache: disabled
[DEBUG] 2023-02-14 14:30:37.391 [main] Settings - Second-level query cache factory: null
[DEBUG] 2023-02-14 14:30:37.391 [main] Settings - Second-level cache region prefix: null
[DEBUG] 2023-02-14 14:30:37.391 [main] Settings - Optimize second-level cache for minimal puts: disabled
[DEBUG] 2023-02-14 14:30:37.391 [main] Settings - Structured second-level cache entries: disabled
[DEBUG] 2023-02-14 14:30:37.391 [main] Settings - Second-level cache direct-reference entries: disabled
[DEBUG] 2023-02-14 14:30:37.391 [main] Settings - Automatic eviction of collection cache: disabled
[DEBUG] 2023-02-14 14:30:37.391 [main] Settings - JDBC batch size: 15
[DEBUG] 2023-02-14 14:30:37.392 [main] Settings - JDBC batch updates for versioned data: enabled
[DEBUG] 2023-02-14 14:30:37.392 [main] Settings - Scrollable result sets: enabled
[DEBUG] 2023-02-14 14:30:37.392 [main] Settings - Wrap result sets: disabled
[DEBUG] 2023-02-14 14:30:37.392 [main] Settings - JDBC3 getGeneratedKeys(): enabled
[DEBUG] 2023-02-14 14:30:37.392 [main] Settings - JDBC result set fetch size: null
[DEBUG] 2023-02-14 14:30:37.392 [main] Settings - Connection release mode: AFTER_TRANSACTION
[DEBUG] 2023-02-14 14:30:37.392 [main] Settings - Generate SQL with comments: disabled
[DEBUG] 2023-02-14 14:30:37.392 [main] Settings - JPA compliance - query : 
[DEBUG] 2023-02-14 14:30:37.392 [main] Settings - JPA compliance - closed-handling : 
[DEBUG] 2023-02-14 14:30:37.392 [main] Settings - JPA compliance - lists : 
[DEBUG] 2023-02-14 14:30:37.392 [main] Settings - JPA compliance - transactions : 
[INFO ] 2023-02-14 14:30:37.478 [main] beans - HHH10005002: No explicit CDI BeanManager reference was passed to Hibernate, but CDI is available on the Hibernate ClassLoader.
[DEBUG] 2023-02-14 14:30:37.507 [main] SessionFactoryImpl - Session factory constructed with filter configurations : {}
[DEBUG] 2023-02-14 14:30:37.507 [main] SessionFactoryImpl - Instantiating session factory with properties: {sun.desktop=gnome, awt.toolkit=sun.awt.X11.XToolkit, java.specification.version=11, sun.cpu.isalist=, hibernate.c3p0.idle_test_period=3000, sun.jnu.encoding=UTF-8, hibernate.c3p0.min_size=5, java.class.path=/home/student/inteliJ/lib/idea_rt.jar:/home/student/inteliJ/plugins/junit/lib/junit5-rt.jar:/home/student/inteliJ/plugins/junit/lib/junit-rt.jar:/home/student/IdeaProjects/foodieGrubProject/target/test-classes:/home/student/IdeaProjects/foodieGrubProject/target/classes:/home/student/.m2/repository/junit/junit/4.12/junit-4.12.jar:/home/student/.m2/repository/org/hamcrest/hamcrest-core/1.3/hamcrest-core-1.3.jar:/home/student/.m2/repository/javax/javaee-web-api/7.0/javaee-web-api-7.0.jar:/home/student/.m2/repository/mysql/mysql-connector-java/8.0.16/mysql-connector-java-8.0.16.jar:/home/student/.m2/repository/com/google/protobuf/protobuf-java/3.6.1/protobuf-java-3.6.1.jar:/home/student/.m2/repository/org/apache/logging/log4j/log4j-api/2.17.1/log4j-api-2.17.1.jar:/home/student/.m2/repository/org/apache/logging/log4j/log4j-core/2.17.1/log4j-core-2.17.1.jar:/home/student/.m2/repository/javax/servlet/jsp/jstl/jstl-api/1.2/jstl-api-1.2.jar:/home/student/.m2/repository/javax/servlet/servlet-api/2.5/servlet-api-2.5.jar:/home/student/.m2/repository/javax/servlet/jsp/jsp-api/2.1/jsp-api-2.1.jar:/home/student/.m2/repository/org/hibernate/hibernate-core/5.4.4.Final/hibernate-core-5.4.4.Final.jar:/home/student/.m2/repository/org/jboss/logging/jboss-logging/3.3.2.Final/jboss-logging-3.3.2.Final.jar:/home/student/.m2/repository/javax/persistence/javax.persistence-api/2.2/javax.persistence-api-2.2.jar:/home/student/.m2/repository/org/javassist/javassist/3.24.0-GA/javassist-3.24.0-GA.jar:/home/student/.m2/repository/net/bytebuddy/byte-buddy/1.9.11/byte-buddy-1.9.11.jar:/home/student/.m2/repository/antlr/antlr/2.7.7/antlr-2.7.7.jar:/home/student/.m2/repository/org/jboss/spec/javax/transaction/jboss-transaction-api_1.2_spec/1.1.1.Final/jboss-transaction-api_1.2_spec-1.1.1.Final.jar:/home/student/.m2/repository/org/jboss/jandex/2.0.5.Final/jandex-2.0.5.Final.jar:/home/student/.m2/repository/com/fasterxml/classmate/1.3.4/classmate-1.3.4.jar:/home/student/.m2/repository/javax/activation/javax.activation-api/1.2.0/javax.activation-api-1.2.0.jar:/home/student/.m2/repository/org/dom4j/dom4j/2.1.1/dom4j-2.1.1.jar:/home/student/.m2/repository/org/hibernate/common/hibernate-commons-annotations/5.1.0.Final/hibernate-commons-annotations-5.1.0.Final.jar:/home/student/.m2/repository/javax/xml/bind/jaxb-api/2.3.1/jaxb-api-2.3.1.jar:/home/student/.m2/repository/org/glassfish/jaxb/jaxb-runtime/2.3.1/jaxb-runtime-2.3.1.jar:/home/student/.m2/repository/org/glassfish/jaxb/txw2/2.3.1/txw2-2.3.1.jar:/home/student/.m2/repository/com/sun/istack/istack-commons-runtime/3.0.7/istack-commons-runtime-3.0.7.jar:/home/student/.m2/repository/org/jvnet/staxex/stax-ex/1.8/stax-ex-1.8.jar:/home/student/.m2/repository/com/sun/xml/fastinfoset/FastInfoset/1.2.15/FastInfoset-1.2.15.jar:/home/student/.m2/repository/org/hibernate/hibernate-c3p0/5.4.4.Final/hibernate-c3p0-5.4.4.Final.jar:/home/student/.m2/repository/com/mchange/c3p0/0.9.5.3/c3p0-0.9.5.3.jar:/home/student/.m2/repository/com/mchange/mchange-commons-java/0.2.15/mchange-commons-java-0.2.15.jar:/home/student/.m2/repository/org/junit/jupiter/junit-jupiter/5.9.2/junit-jupiter-5.9.2.jar:/home/student/.m2/repository/org/junit/jupiter/junit-jupiter-api/5.9.2/junit-jupiter-api-5.9.2.jar:/home/student/.m2/repository/org/opentest4j/opentest4j/1.2.0/opentest4j-1.2.0.jar:/home/student/.m2/repository/org/junit/platform/junit-platform-commons/1.9.2/junit-platform-commons-1.9.2.jar:/home/student/.m2/repository/org/junit/jupiter/junit-jupiter-params/5.9.2/junit-jupiter-params-5.9.2.jar:/home/student/.m2/repository/org/junit/platform/junit-platform-runner/1.0.0/junit-platform-runner-1.0.0.jar:/home/student/.m2/repository/org/apiguardian/apiguardian-api/1.0.0/apiguardian-api-1.0.0.jar:/home/student/.m2/repository/org/junit/platform/junit-platform-launcher/1.0.0/junit-platform-launcher-1.0.0.jar:/home/student/.m2/repository/org/junit/platform/junit-platform-suite-api/1.0.0/junit-platform-suite-api-1.0.0.jar:/home/student/.m2/repository/org/junit/vintage/junit-vintage-engine/4.12.0/junit-vintage-engine-4.12.0.jar:/home/student/.m2/repository/org/junit/platform/junit-platform-engine/1.0.0/junit-platform-engine-1.0.0.jar:/home/student/.m2/repository/org/junit/jupiter/junit-jupiter-engine/5.0.0/junit-jupiter-engine-5.0.0.jar, java.vm.vendor=Ubuntu, sun.arch.data.model=64, idea.test.cyclic.buffer.size=1048576, java.vendor.url=https://ubuntu.com/, user.timezone=America/Chicago, os.name=Linux, java.vm.specification.version=11, sun.java.launcher=SUN_STANDARD, user.country=US, sun.boot.library.path=/usr/lib/jvm/java-11-openjdk-amd64/lib, sun.java.command=com.intellij.rt.junit.JUnitStarter -ideVersion5 -junit5 com.amgenz.persistence.UserDaoTest, jdk.debug=release, sun.cpu.endian=little, user.home=/home/student, hibernate.c3p0.max_statements=50, user.language=en, java.specification.vendor=Oracle Corporation, java.version.date=2022-10-18, java.home=/usr/lib/jvm/java-11-openjdk-amd64, file.separator=/, java.vm.compressedOopsMode=32-bit, line.separator=
, hibernate.c3p0.timeout=300, java.specification.name=Java Platform API Specification, java.vm.specification.vendor=Oracle Corporation, java.awt.graphicsenv=sun.awt.X11GraphicsEnvironment, connection.password=student, sun.management.compiler=HotSpot 64-Bit Tiered Compilers, hibernate.c3p0.max_size=20, java.runtime.version=11.0.17+8-post-Ubuntu-1ubuntu220.04, user.name=student, path.separator=:, hibernate.connection.username=****, os.version=5.4.0-139-generic, java.runtime.name=OpenJDK Runtime Environment, hibernate.connection.url=jdbc:mysql://localhost:3306/test_foodie_grub, file.encoding=UTF-8, java.vm.name=OpenJDK 64-Bit Server VM, hibernate.connection.driver_class=com.mysql.cj.jdbc.Driver, java.vendor.url.bug=https://bugs.launchpad.net/ubuntu/+source/openjdk-lts, java.io.tmpdir=/tmp, java.version=11.0.17, user.dir=/home/student/IdeaProjects/foodieGrubProject, os.arch=amd64, connection.username=root, java.vm.specification.name=Java Virtual Machine Specification, java.awt.printerjob=sun.print.PSPrinterJob, hibernate.connection.password=****, sun.os.patch.level=unknown, connection.driver_class=com.mysql.cj.jdbc.Driver, hibernate.boot.CfgXmlAccessService.key=org.hibernate.boot.cfgxml.spi.LoadedConfig@2a7d9b41, java.library.path=/usr/java/packages/lib:/usr/lib/x86_64-linux-gnu/jni:/lib/x86_64-linux-gnu:/usr/lib/x86_64-linux-gnu:/usr/lib/jni:/lib:/usr/lib, java.vendor=Ubuntu, java.vm.info=mixed mode, sharing, java.vm.version=11.0.17+8-post-Ubuntu-1ubuntu220.04, hibernate.bytecode.use_reflection_optimizer=false, sun.io.unicode.encoding=UnicodeLittle, connection.url=jdbc:mysql://localhost:3306/test_foodie_grub, java.class.version=55.0}
[DEBUG] 2023-02-14 14:30:37.680 [main] TypeSafeActivator - Unable to acquire Bean Validation ValidatorFactory, skipping activation
[DEBUG] 2023-02-14 14:30:37.680 [main] JaccIntegrator - Skipping JACC integration as it was not enabled
[DEBUG] 2023-02-14 14:30:37.681 [main] SessionFactoryImpl - Instantiated session factory
[DEBUG] 2023-02-14 14:30:37.681 [main] TypeConfiguration$Scope - Scoping TypeConfiguration [org.hibernate.type.spi.TypeConfiguration@58fa5769] to SessionFactoryImpl [org.hibernate.internal.SessionFactoryImpl@73c31181]
[DEBUG] 2023-02-14 14:30:37.799 [main] ClassLoaderAccessImpl - Not known whether passed class name [com.amgenz.entity.User] is safe
[DEBUG] 2023-02-14 14:30:37.799 [main] ClassLoaderAccessImpl - No temp ClassLoader provided; using live ClassLoader for loading potentially unsafe class : com.amgenz.entity.User
[DEBUG] 2023-02-14 14:30:37.826 [main] ClassLoaderAccessImpl - Not known whether passed class name [com.amgenz.entity.User] is safe
[DEBUG] 2023-02-14 14:30:37.827 [main] ClassLoaderAccessImpl - No temp ClassLoader provided; using live ClassLoader for loading potentially unsafe class : com.amgenz.entity.User
[DEBUG] 2023-02-14 14:30:38.181 [main] AbstractEntityPersister - Static SQL for entity: com.amgenz.entity.User
[DEBUG] 2023-02-14 14:30:38.192 [main] AbstractEntityPersister -  Version select: select id from users where id =?
[DEBUG] 2023-02-14 14:30:38.194 [main] AbstractEntityPersister -  Snapshot select: select user_.id, user_.email as email2_0_, user_.first_name as first_na3_0_, user_.last_name as last_nam4_0_ from users user_ where user_.id=?
[DEBUG] 2023-02-14 14:30:38.194 [main] AbstractEntityPersister -  Insert 0: insert into users (email, first_name, last_name, id) values (?, ?, ?, ?)
[DEBUG] 2023-02-14 14:30:38.194 [main] AbstractEntityPersister -  Update 0: update users set email=?, first_name=?, last_name=? where id=?
[DEBUG] 2023-02-14 14:30:38.195 [main] AbstractEntityPersister -  Delete 0: delete from users where id=?
[DEBUG] 2023-02-14 14:30:38.195 [main] AbstractEntityPersister -  Identity insert: insert into users (email, first_name, last_name) values (?, ?, ?)
[DEBUG] 2023-02-14 14:30:38.232 [main] QuerySpacesImpl - Adding QuerySpace : uid = <gen:0> -> org.hibernate.loader.plan.build.internal.spaces.EntityQuerySpaceImpl@de77146]
[DEBUG] 2023-02-14 14:30:38.233 [main] MetamodelGraphWalker - Visiting attribute path : email
[DEBUG] 2023-02-14 14:30:38.233 [main] MetamodelGraphWalker - Visiting attribute path : firstName
[DEBUG] 2023-02-14 14:30:38.242 [main] MetamodelGraphWalker - Visiting attribute path : lastName
[DEBUG] 2023-02-14 14:30:38.243 [main] FetchStyleLoadPlanBuildingAssociationVisitationStrategy - Building LoadPlan...
[DEBUG] 2023-02-14 14:30:38.260 [main] LoadQueryJoinAndFetchProcessor - processing queryspace <gen:0>
[DEBUG] 2023-02-14 14:30:38.262 [main] LoadPlanTreePrinter - LoadPlan(entity=com.amgenz.entity.User)
    - Returns
       - EntityReturnImpl(entity=com.amgenz.entity.User, querySpaceUid=<gen:0>, path=com.amgenz.entity.User)
    - QuerySpaces
       - EntityQuerySpaceImpl(uid=<gen:0>, entity=com.amgenz.entity.User)
          - SQL table alias mapping - user0_
          - alias suffix - 0_
          - suffixed key columns - {id1_0_0_}

[DEBUG] 2023-02-14 14:30:38.279 [main] EntityLoader - Static select for entity com.amgenz.entity.User [NONE]: select user0_.id as id1_0_0_, user0_.email as email2_0_0_, user0_.first_name as first_na3_0_0_, user0_.last_name as last_nam4_0_0_ from users user0_ where user0_.id=?
[DEBUG] 2023-02-14 14:30:38.279 [main] QuerySpacesImpl - Adding QuerySpace : uid = <gen:0> -> org.hibernate.loader.plan.build.internal.spaces.EntityQuerySpaceImpl@6b70d1fb]
[DEBUG] 2023-02-14 14:30:38.280 [main] MetamodelGraphWalker - Visiting attribute path : email
[DEBUG] 2023-02-14 14:30:38.280 [main] MetamodelGraphWalker - Visiting attribute path : firstName
[DEBUG] 2023-02-14 14:30:38.280 [main] MetamodelGraphWalker - Visiting attribute path : lastName
[DEBUG] 2023-02-14 14:30:38.280 [main] FetchStyleLoadPlanBuildingAssociationVisitationStrategy - Building LoadPlan...
[DEBUG] 2023-02-14 14:30:38.288 [main] LoadQueryJoinAndFetchProcessor - processing queryspace <gen:0>
[DEBUG] 2023-02-14 14:30:38.288 [main] LoadPlanTreePrinter - LoadPlan(entity=com.amgenz.entity.User)
    - Returns
       - EntityReturnImpl(entity=com.amgenz.entity.User, querySpaceUid=<gen:0>, path=com.amgenz.entity.User)
    - QuerySpaces
       - EntityQuerySpaceImpl(uid=<gen:0>, entity=com.amgenz.entity.User)
          - SQL table alias mapping - user0_
          - alias suffix - 0_
          - suffixed key columns - {id1_0_0_}

[DEBUG] 2023-02-14 14:30:38.288 [main] EntityLoader - Static select for entity com.amgenz.entity.User [READ]: select user0_.id as id1_0_0_, user0_.email as email2_0_0_, user0_.first_name as first_na3_0_0_, user0_.last_name as last_nam4_0_0_ from users user0_ where user0_.id=?
[DEBUG] 2023-02-14 14:30:38.296 [main] Loader - Static select for action ACTION_MERGE on entity com.amgenz.entity.User: select user0_.id as id1_0_0_, user0_.email as email2_0_0_, user0_.first_name as first_na3_0_0_, user0_.last_name as last_nam4_0_0_ from users user0_ where user0_.id=?
[DEBUG] 2023-02-14 14:30:38.296 [main] Loader - Static select for action ACTION_REFRESH on entity com.amgenz.entity.User: select user0_.id as id1_0_0_, user0_.email as email2_0_0_, user0_.first_name as first_na3_0_0_, user0_.last_name as last_nam4_0_0_ from users user0_ where user0_.id=?
[DEBUG] 2023-02-14 14:30:38.330 [main] SchemaManagementToolCoordinator - No actions specified; doing nothing
[DEBUG] 2023-02-14 14:30:38.331 [main] JtaPlatformInitiator - No JtaPlatform was specified, checking resolver
[DEBUG] 2023-02-14 14:30:38.331 [main] JtaPlatformResolverInitiator - No JtaPlatformResolver was specified, using default [org.hibernate.engine.transaction.jta.platform.internal.StandardJtaPlatformResolver]
[DEBUG] 2023-02-14 14:30:38.334 [main] StandardJtaPlatformResolver - Could not resolve JtaPlatform, using default [org.hibernate.engine.transaction.jta.platform.internal.NoJtaPlatform]
[INFO ] 2023-02-14 14:30:38.334 [main] JtaPlatformInitiator - HHH000490: Using JtaPlatform implementation: [org.hibernate.engine.transaction.jta.platform.internal.NoJtaPlatform]
[DEBUG] 2023-02-14 14:30:38.338 [main] NamedQueryRepository - Checking 0 named HQL queries
[DEBUG] 2023-02-14 14:30:38.339 [main] NamedQueryRepository - Checking 0 named SQL queries
[DEBUG] 2023-02-14 14:30:38.340 [main] SessionFactoryRegistry - Initializing SessionFactoryRegistry : org.hibernate.internal.SessionFactoryRegistry@61da0413
[DEBUG] 2023-02-14 14:30:38.341 [main] SessionFactoryRegistry - Registering SessionFactory: 89475ffe-da0a-489b-aea2-948d716ac69a (<unnamed>)
[DEBUG] 2023-02-14 14:30:38.341 [main] SessionFactoryRegistry - Not binding SessionFactory to JNDI, no JNDI name configured
[DEBUG] 2023-02-14 14:30:38.421 [main] StatisticsInitiator - Statistics initialized [enabled=false]
[DEBUG] 2023-02-14 14:30:38.445 [main] SQL - select user0_.id as id1_0_0_, user0_.email as email2_0_0_, user0_.first_name as first_na3_0_0_, user0_.last_name as last_nam4_0_0_ from users user0_ where user0_.id=?
[DEBUG] 2023-02-14 14:30:38.484 [main] ResultSetProcessorImpl - Starting ResultSet row #0
[DEBUG] 2023-02-14 14:30:38.485 [main] EntityReferenceInitializerImpl - On call to EntityIdentifierReaderImpl#resolve, EntityKey was already known; should only happen on root returns with an optional identifier specified
[DEBUG] 2023-02-14 14:30:38.513 [main] TwoPhaseLoad - Resolving attributes for [com.amgenz.entity.User#3]
[DEBUG] 2023-02-14 14:30:38.513 [main] TwoPhaseLoad - Processing attribute `email` : value = aldix
[DEBUG] 2023-02-14 14:30:38.514 [main] TwoPhaseLoad - Attribute (`email`)  - enhanced for lazy-loading? - false
[DEBUG] 2023-02-14 14:30:38.514 [main] TwoPhaseLoad - Processing attribute `firstName` : value = Alexandra
[DEBUG] 2023-02-14 14:30:38.514 [main] TwoPhaseLoad - Attribute (`firstName`)  - enhanced for lazy-loading? - false
[DEBUG] 2023-02-14 14:30:38.514 [main] TwoPhaseLoad - Processing attribute `lastName` : value = Dixson
[DEBUG] 2023-02-14 14:30:38.514 [main] TwoPhaseLoad - Attribute (`lastName`)  - enhanced for lazy-loading? - false
[DEBUG] 2023-02-14 14:30:38.515 [main] TwoPhaseLoad - Done materializing entity [com.amgenz.entity.User#3]
[DEBUG] 2023-02-14 14:30:38.519 [main] ResourceRegistryStandardImpl - HHH000387: ResultSet's statement was not registered
[DEBUG] 2023-02-14 14:30:38.520 [main] AbstractLoadPlanBasedEntityLoader - Done entity load : com.amgenz.entity.User#3
[DEBUG] 2023-02-14 14:30:38.521 [main] LogicalConnectionManagedImpl - Initiating JDBC connection release from afterTransaction
[DEBUG] 2023-02-14 14:30:38.527 [main] TransactionImpl - On TransactionImpl creation, JpaCompliance#isJpaTransactionComplianceEnabled == false
[DEBUG] 2023-02-14 14:30:38.527 [main] TransactionImpl - begin
[DEBUG] 2023-02-14 14:30:38.538 [main] TransactionImpl - committing
[DEBUG] 2023-02-14 14:30:38.539 [main] AbstractFlushingEventListener - Processing flush-time cascades
[DEBUG] 2023-02-14 14:30:38.539 [main] AbstractFlushingEventListener - Dirty checking collections
[DEBUG] 2023-02-14 14:30:38.540 [main] AbstractFlushingEventListener - Flushed: 0 insertions, 0 updates, 1 deletions to 1 objects
[DEBUG] 2023-02-14 14:30:38.540 [main] AbstractFlushingEventListener - Flushed: 0 (re)creations, 0 updates, 0 removals to 0 collections
[DEBUG] 2023-02-14 14:30:38.541 [main] EntityPrinter - Listing entities:
[DEBUG] 2023-02-14 14:30:38.543 [main] EntityPrinter - com.amgenz.entity.User{firstName=Alexandra, lastName=Dixson, id=3, email=aldix}
[DEBUG] 2023-02-14 14:30:38.549 [main] SQL - delete from users where id=?
[DEBUG] 2023-02-14 14:30:38.560 [main] LogicalConnectionManagedImpl - Initiating JDBC connection release from afterTransaction
[DEBUG] 2023-02-14 14:30:38.561 [main] LogicalConnectionManagedImpl - Initiating JDBC connection release from afterTransaction
[DEBUG] 2023-02-14 14:30:38.561 [main] JdbcCoordinatorImpl - HHH000420: Closing un-released batch
[DEBUG] 2023-02-14 14:30:38.561 [main] SQL - select user0_.id as id1_0_0_, user0_.email as email2_0_0_, user0_.first_name as first_na3_0_0_, user0_.last_name as last_nam4_0_0_ from users user0_ where user0_.id=?
[DEBUG] 2023-02-14 14:30:38.565 [main] ResourceRegistryStandardImpl - HHH000387: ResultSet's statement was not registered
[DEBUG] 2023-02-14 14:30:38.565 [main] AbstractLoadPlanBasedEntityLoader - Done entity load : com.amgenz.entity.User#3
[DEBUG] 2023-02-14 14:30:38.565 [main] LogicalConnectionManagedImpl - Initiating JDBC connection release from afterTransaction
[DEBUG] 2023-02-14 14:30:38.622 [main] SQL - select user0_.id as id1_0_0_, user0_.email as email2_0_0_, user0_.first_name as first_na3_0_0_, user0_.last_name as last_nam4_0_0_ from users user0_ where user0_.id=?
[DEBUG] 2023-02-14 14:30:38.624 [main] ResultSetProcessorImpl - Starting ResultSet row #0
[DEBUG] 2023-02-14 14:30:38.624 [main] EntityReferenceInitializerImpl - On call to EntityIdentifierReaderImpl#resolve, EntityKey was already known; should only happen on root returns with an optional identifier specified
[DEBUG] 2023-02-14 14:30:38.624 [main] TwoPhaseLoad - Resolving attributes for [com.amgenz.entity.User#1]
[DEBUG] 2023-02-14 14:30:38.624 [main] TwoPhaseLoad - Processing attribute `email` : value = halou
[DEBUG] 2023-02-14 14:30:38.624 [main] TwoPhaseLoad - Attribute (`email`)  - enhanced for lazy-loading? - false
[DEBUG] 2023-02-14 14:30:38.624 [main] TwoPhaseLoad - Processing attribute `firstName` : value = Harry
[DEBUG] 2023-02-14 14:30:38.624 [main] TwoPhaseLoad - Attribute (`firstName`)  - enhanced for lazy-loading? - false
[DEBUG] 2023-02-14 14:30:38.624 [main] TwoPhaseLoad - Processing attribute `lastName` : value = Louis
[DEBUG] 2023-02-14 14:30:38.625 [main] TwoPhaseLoad - Attribute (`lastName`)  - enhanced for lazy-loading? - false
[DEBUG] 2023-02-14 14:30:38.649 [main] TwoPhaseLoad - Done materializing entity [com.amgenz.entity.User#1]
[DEBUG] 2023-02-14 14:30:38.650 [main] ResourceRegistryStandardImpl - HHH000387: ResultSet's statement was not registered
[DEBUG] 2023-02-14 14:30:38.651 [main] AbstractLoadPlanBasedEntityLoader - Done entity load : com.amgenz.entity.User#1
[DEBUG] 2023-02-14 14:30:38.651 [main] LogicalConnectionManagedImpl - Initiating JDBC connection release from afterTransaction
[DEBUG] 2023-02-14 14:30:38.820 [main] CriteriaQueryImpl - Rendered criteria query -> select generatedAlias0 from Users as generatedAlias0 where generatedAlias0.lastName=:param0
[DEBUG] 2023-02-14 14:30:38.836 [main] QueryTranslatorFactoryInitiator - QueryTranslatorFactory: org.hibernate.hql.internal.ast.ASTQueryTranslatorFactory@91a2543
[DEBUG] 2023-02-14 14:30:38.866 [main] QueryTranslatorImpl - parse() - HQL: select generatedAlias0 from com.amgenz.entity.User as generatedAlias0 where generatedAlias0.lastName=:param0
[DEBUG] 2023-02-14 14:30:38.874 [main] ErrorTracker - throwQueryException() : no errors
[DEBUG] 2023-02-14 14:30:38.898 [main] QueryTranslatorImpl - --- HQL AST ---
 \-[QUERY] Node: 'query'
    +-[SELECT_FROM] Node: 'SELECT_FROM'
    |  +-[FROM] Node: 'from'
    |  |  \-[RANGE] Node: 'RANGE'
    |  |     +-[DOT] Node: '.'
    |  |     |  +-[DOT] Node: '.'
    |  |     |  |  +-[DOT] Node: '.'
    |  |     |  |  |  +-[IDENT] Node: 'com'
    |  |     |  |  |  \-[IDENT] Node: 'amgenz'
    |  |     |  |  \-[IDENT] Node: 'entity'
    |  |     |  \-[IDENT] Node: 'User'
    |  |     \-[ALIAS] Node: 'generatedAlias0'
    |  \-[SELECT] Node: 'select'
    |     \-[IDENT] Node: 'generatedAlias0'
    \-[WHERE] Node: 'where'
       \-[EQ] Node: '='
          +-[DOT] Node: '.'
          |  +-[IDENT] Node: 'generatedAlias0'
          |  \-[IDENT] Node: 'lastName'
          \-[COLON] Node: ':'
             \-[IDENT] Node: 'param0'

[DEBUG] 2023-02-14 14:30:38.927 [main] HqlSqlBaseWalker - select << begin [level=1, statement=select]
[DEBUG] 2023-02-14 14:30:38.965 [main] FromElement - FromClause{level=1} : com.amgenz.entity.User (generatedAlias0) -> user0_
[DEBUG] 2023-02-14 14:30:38.968 [main] FromReferenceNode - Resolved : generatedAlias0 -> user0_.id
[DEBUG] 2023-02-14 14:30:38.971 [main] FromReferenceNode - Resolved : generatedAlias0 -> user0_.id
[DEBUG] 2023-02-14 14:30:38.973 [main] DotNode - getDataType() : lastName -> org.hibernate.type.StringType@700f518a
[DEBUG] 2023-02-14 14:30:38.973 [main] FromReferenceNode - Resolved : generatedAlias0.lastName -> user0_.last_name
[DEBUG] 2023-02-14 14:30:38.974 [main] HqlSqlBaseWalker - select : finishing up [level=1, statement=select]
[DEBUG] 2023-02-14 14:30:38.975 [main] HqlSqlWalker - processQuery() :  ( SELECT ( {select clause} user0_.id ) ( FromClause{level=1} users user0_ ) ( where ( = ( user0_.last_name user0_.id lastName ) ? ) ) )
[DEBUG] 2023-02-14 14:30:38.984 [main] JoinProcessor - Using FROM fragment [users user0_]
[DEBUG] 2023-02-14 14:30:38.997 [main] HqlSqlBaseWalker - select >> end [level=1, statement=select]
[DEBUG] 2023-02-14 14:30:38.999 [main] QueryTranslatorImpl - --- SQL AST ---
 \-[SELECT] QueryNode: 'SELECT'  querySpaces (users)
    +-[SELECT_CLAUSE] SelectClause: '{select clause}'
    |  +-[ALIAS_REF] IdentNode: 'user0_.id as id1_0_' {alias=generatedAlias0, className=com.amgenz.entity.User, tableAlias=user0_}
    |  \-[SQL_TOKEN] SqlFragment: 'user0_.email as email2_0_, user0_.first_name as first_na3_0_, user0_.last_name as last_nam4_0_'
    +-[FROM] FromClause: 'from' FromClause{level=1, fromElementCounter=1, fromElements=1, fromElementByClassAlias=[generatedAlias0], fromElementByTableAlias=[user0_], fromElementsByPath=[], collectionJoinFromElementsByPath=[], impliedElements=[]}
    |  \-[FROM_FRAGMENT] FromElement: 'users user0_' FromElement{explicit,not a collection join,not a fetch join,fetch non-lazy properties,classAlias=generatedAlias0,role=null,tableName=users,tableAlias=user0_,origin=null,columns={,className=com.amgenz.entity.User}}
    \-[WHERE] SqlNode: 'where'
       \-[EQ] BinaryLogicOperatorNode: '='
          +-[DOT] DotNode: 'user0_.last_name' {propertyName=lastName,dereferenceType=PRIMITIVE,getPropertyPath=lastName,path=generatedAlias0.lastName,tableAlias=user0_,className=com.amgenz.entity.User,classAlias=generatedAlias0}
          |  +-[ALIAS_REF] IdentNode: 'user0_.id' {alias=generatedAlias0, className=com.amgenz.entity.User, tableAlias=user0_}
          |  \-[IDENT] IdentNode: 'lastName' {originalText=lastName}
          \-[NAMED_PARAM] ParameterNode: '?' {name=param0, expectedType=org.hibernate.type.StringType@700f518a}

[DEBUG] 2023-02-14 14:30:38.999 [main] ErrorTracker - throwQueryException() : no errors
[DEBUG] 2023-02-14 14:30:39.003 [main] QueryTranslatorImpl - HQL: select generatedAlias0 from com.amgenz.entity.User as generatedAlias0 where generatedAlias0.lastName=:param0
[DEBUG] 2023-02-14 14:30:39.003 [main] QueryTranslatorImpl - SQL: select user0_.id as id1_0_, user0_.email as email2_0_, user0_.first_name as first_na3_0_, user0_.last_name as last_nam4_0_ from users user0_ where user0_.last_name=?
[DEBUG] 2023-02-14 14:30:39.003 [main] ErrorTracker - throwQueryException() : no errors
[DEBUG] 2023-02-14 14:30:39.035 [main] SQL - select user0_.id as id1_0_, user0_.email as email2_0_, user0_.first_name as first_na3_0_, user0_.last_name as last_nam4_0_ from users user0_ where user0_.last_name=?
[DEBUG] 2023-02-14 14:30:39.050 [main] Loader - Result set row: 0
[DEBUG] 2023-02-14 14:30:39.052 [main] Loader - Result row: EntityKey[com.amgenz.entity.User#10]
[DEBUG] 2023-02-14 14:30:39.052 [main] TwoPhaseLoad - Resolving attributes for [com.amgenz.entity.User#10]
[DEBUG] 2023-02-14 14:30:39.052 [main] TwoPhaseLoad - Processing attribute `email` : value = frsmith
[DEBUG] 2023-02-14 14:30:39.052 [main] TwoPhaseLoad - Attribute (`email`)  - enhanced for lazy-loading? - false
[DEBUG] 2023-02-14 14:30:39.053 [main] TwoPhaseLoad - Processing attribute `firstName` : value = Fred
[DEBUG] 2023-02-14 14:30:39.053 [main] TwoPhaseLoad - Attribute (`firstName`)  - enhanced for lazy-loading? - false
[DEBUG] 2023-02-14 14:30:39.053 [main] TwoPhaseLoad - Processing attribute `lastName` : value = Smith
[DEBUG] 2023-02-14 14:30:39.053 [main] TwoPhaseLoad - Attribute (`lastName`)  - enhanced for lazy-loading? - false
[DEBUG] 2023-02-14 14:30:39.053 [main] TwoPhaseLoad - Done materializing entity [com.amgenz.entity.User#10]
[DEBUG] 2023-02-14 14:30:39.055 [main] LogicalConnectionManagedImpl - Initiating JDBC connection release from afterTransaction
[DEBUG] 2023-02-14 14:30:39.182 [main] CriteriaQueryImpl - Rendered criteria query -> select generatedAlias0 from Users as generatedAlias0 where generatedAlias0.lastName like :param0
[DEBUG] 2023-02-14 14:30:39.185 [main] QueryTranslatorImpl - parse() - HQL: select generatedAlias0 from com.amgenz.entity.User as generatedAlias0 where generatedAlias0.lastName like :param0
[DEBUG] 2023-02-14 14:30:39.190 [main] ErrorTracker - throwQueryException() : no errors
[DEBUG] 2023-02-14 14:30:39.197 [main] QueryTranslatorImpl - --- HQL AST ---
 \-[QUERY] Node: 'query'
    +-[SELECT_FROM] Node: 'SELECT_FROM'
    |  +-[FROM] Node: 'from'
    |  |  \-[RANGE] Node: 'RANGE'
    |  |     +-[DOT] Node: '.'
    |  |     |  +-[DOT] Node: '.'
    |  |     |  |  +-[DOT] Node: '.'
    |  |     |  |  |  +-[IDENT] Node: 'com'
    |  |     |  |  |  \-[IDENT] Node: 'amgenz'
    |  |     |  |  \-[IDENT] Node: 'entity'
    |  |     |  \-[IDENT] Node: 'User'
    |  |     \-[ALIAS] Node: 'generatedAlias0'
    |  \-[SELECT] Node: 'select'
    |     \-[IDENT] Node: 'generatedAlias0'
    \-[WHERE] Node: 'where'
       \-[LIKE] Node: 'like'
          +-[DOT] Node: '.'
          |  +-[IDENT] Node: 'generatedAlias0'
          |  \-[IDENT] Node: 'lastName'
          \-[COLON] Node: ':'
             \-[IDENT] Node: 'param0'

[DEBUG] 2023-02-14 14:30:39.198 [main] HqlSqlBaseWalker - select << begin [level=1, statement=select]
[DEBUG] 2023-02-14 14:30:39.198 [main] FromElement - FromClause{level=1} : com.amgenz.entity.User (generatedAlias0) -> user0_
[DEBUG] 2023-02-14 14:30:39.198 [main] FromReferenceNode - Resolved : generatedAlias0 -> user0_.id
[DEBUG] 2023-02-14 14:30:39.198 [main] FromReferenceNode - Resolved : generatedAlias0 -> user0_.id
[DEBUG] 2023-02-14 14:30:39.198 [main] DotNode - getDataType() : lastName -> org.hibernate.type.StringType@700f518a
[DEBUG] 2023-02-14 14:30:39.198 [main] FromReferenceNode - Resolved : generatedAlias0.lastName -> user0_.last_name
[DEBUG] 2023-02-14 14:30:39.198 [main] HqlSqlBaseWalker - select : finishing up [level=1, statement=select]
[DEBUG] 2023-02-14 14:30:39.199 [main] HqlSqlWalker - processQuery() :  ( SELECT ( {select clause} user0_.id ) ( FromClause{level=1} users user0_ ) ( where ( like ( user0_.last_name user0_.id lastName ) ? ) ) )
[DEBUG] 2023-02-14 14:30:39.199 [main] JoinProcessor - Using FROM fragment [users user0_]
[DEBUG] 2023-02-14 14:30:39.202 [main] HqlSqlBaseWalker - select >> end [level=1, statement=select]
[DEBUG] 2023-02-14 14:30:39.203 [main] QueryTranslatorImpl - --- SQL AST ---
 \-[SELECT] QueryNode: 'SELECT'  querySpaces (users)
    +-[SELECT_CLAUSE] SelectClause: '{select clause}'
    |  +-[ALIAS_REF] IdentNode: 'user0_.id as id1_0_' {alias=generatedAlias0, className=com.amgenz.entity.User, tableAlias=user0_}
    |  \-[SQL_TOKEN] SqlFragment: 'user0_.email as email2_0_, user0_.first_name as first_na3_0_, user0_.last_name as last_nam4_0_'
    +-[FROM] FromClause: 'from' FromClause{level=1, fromElementCounter=1, fromElements=1, fromElementByClassAlias=[generatedAlias0], fromElementByTableAlias=[user0_], fromElementsByPath=[], collectionJoinFromElementsByPath=[], impliedElements=[]}
    |  \-[FROM_FRAGMENT] FromElement: 'users user0_' FromElement{explicit,not a collection join,not a fetch join,fetch non-lazy properties,classAlias=generatedAlias0,role=null,tableName=users,tableAlias=user0_,origin=null,columns={,className=com.amgenz.entity.User}}
    \-[WHERE] SqlNode: 'where'
       \-[LIKE] BinaryLogicOperatorNode: 'like'
          +-[DOT] DotNode: 'user0_.last_name' {propertyName=lastName,dereferenceType=PRIMITIVE,getPropertyPath=lastName,path=generatedAlias0.lastName,tableAlias=user0_,className=com.amgenz.entity.User,classAlias=generatedAlias0}
          |  +-[ALIAS_REF] IdentNode: 'user0_.id' {alias=generatedAlias0, className=com.amgenz.entity.User, tableAlias=user0_}
          |  \-[IDENT] IdentNode: 'lastName' {originalText=lastName}
          \-[NAMED_PARAM] ParameterNode: '?' {name=param0, expectedType=org.hibernate.type.StringType@700f518a}

[DEBUG] 2023-02-14 14:30:39.203 [main] ErrorTracker - throwQueryException() : no errors
[DEBUG] 2023-02-14 14:30:39.203 [main] QueryTranslatorImpl - HQL: select generatedAlias0 from com.amgenz.entity.User as generatedAlias0 where generatedAlias0.lastName like :param0
[DEBUG] 2023-02-14 14:30:39.204 [main] QueryTranslatorImpl - SQL: select user0_.id as id1_0_, user0_.email as email2_0_, user0_.first_name as first_na3_0_, user0_.last_name as last_nam4_0_ from users user0_ where user0_.last_name like ?
[DEBUG] 2023-02-14 14:30:39.204 [main] ErrorTracker - throwQueryException() : no errors
[DEBUG] 2023-02-14 14:30:39.204 [main] SQL - select user0_.id as id1_0_, user0_.email as email2_0_, user0_.first_name as first_na3_0_, user0_.last_name as last_nam4_0_ from users user0_ where user0_.last_name like ?
[DEBUG] 2023-02-14 14:30:39.219 [main] Loader - Result set row: 0
[DEBUG] 2023-02-14 14:30:39.219 [main] Loader - Result row: EntityKey[com.amgenz.entity.User#4]
[DEBUG] 2023-02-14 14:30:39.221 [main] Loader - Result set row: 1
[DEBUG] 2023-02-14 14:30:39.221 [main] Loader - Result row: EntityKey[com.amgenz.entity.User#6]
[DEBUG] 2023-02-14 14:30:39.222 [main] Loader - Result set row: 2
[DEBUG] 2023-02-14 14:30:39.222 [main] Loader - Result row: EntityKey[com.amgenz.entity.User#7]
[DEBUG] 2023-02-14 14:30:39.222 [main] Loader - Result set row: 3
[DEBUG] 2023-02-14 14:30:39.222 [main] Loader - Result row: EntityKey[com.amgenz.entity.User#8]
[DEBUG] 2023-02-14 14:30:39.223 [main] TwoPhaseLoad - Resolving attributes for [com.amgenz.entity.User#4]
[DEBUG] 2023-02-14 14:30:39.223 [main] TwoPhaseLoad - Processing attribute `email` : value = kevedw
[DEBUG] 2023-02-14 14:30:39.223 [main] TwoPhaseLoad - Attribute (`email`)  - enhanced for lazy-loading? - false
[DEBUG] 2023-02-14 14:30:39.223 [main] TwoPhaseLoad - Processing attribute `firstName` : value = Kevin
[DEBUG] 2023-02-14 14:30:39.223 [main] TwoPhaseLoad - Attribute (`firstName`)  - enhanced for lazy-loading? - false
[DEBUG] 2023-02-14 14:30:39.223 [main] TwoPhaseLoad - Processing attribute `lastName` : value = Edwards
[DEBUG] 2023-02-14 14:30:39.223 [main] TwoPhaseLoad - Attribute (`lastName`)  - enhanced for lazy-loading? - false
[DEBUG] 2023-02-14 14:30:39.224 [main] TwoPhaseLoad - Done materializing entity [com.amgenz.entity.User#4]
[DEBUG] 2023-02-14 14:30:39.224 [main] TwoPhaseLoad - Resolving attributes for [com.amgenz.entity.User#6]
[DEBUG] 2023-02-14 14:30:39.224 [main] TwoPhaseLoad - Processing attribute `email` : value = caswal
[DEBUG] 2023-02-14 14:30:39.224 [main] TwoPhaseLoad - Attribute (`email`)  - enhanced for lazy-loading? - false
[DEBUG] 2023-02-14 14:30:39.224 [main] TwoPhaseLoad - Processing attribute `firstName` : value = Cassandra
[DEBUG] 2023-02-14 14:30:39.224 [main] TwoPhaseLoad - Attribute (`firstName`)  - enhanced for lazy-loading? - false
[DEBUG] 2023-02-14 14:30:39.224 [main] TwoPhaseLoad - Processing attribute `lastName` : value = Walker
[DEBUG] 2023-02-14 14:30:39.224 [main] TwoPhaseLoad - Attribute (`lastName`)  - enhanced for lazy-loading? - false
[DEBUG] 2023-02-14 14:30:39.224 [main] TwoPhaseLoad - Done materializing entity [com.amgenz.entity.User#6]
[DEBUG] 2023-02-14 14:30:39.224 [main] TwoPhaseLoad - Resolving attributes for [com.amgenz.entity.User#7]
[DEBUG] 2023-02-14 14:30:39.224 [main] TwoPhaseLoad - Processing attribute `email` : value = joswya
[DEBUG] 2023-02-14 14:30:39.224 [main] TwoPhaseLoad - Attribute (`email`)  - enhanced for lazy-loading? - false
[DEBUG] 2023-02-14 14:30:39.224 [main] TwoPhaseLoad - Processing attribute `firstName` : value = Joseph
[DEBUG] 2023-02-14 14:30:39.224 [main] TwoPhaseLoad - Attribute (`firstName`)  - enhanced for lazy-loading? - false
[DEBUG] 2023-02-14 14:30:39.224 [main] TwoPhaseLoad - Processing attribute `lastName` : value = Wyatt
[DEBUG] 2023-02-14 14:30:39.224 [main] TwoPhaseLoad - Attribute (`lastName`)  - enhanced for lazy-loading? - false
[DEBUG] 2023-02-14 14:30:39.224 [main] TwoPhaseLoad - Done materializing entity [com.amgenz.entity.User#7]
[DEBUG] 2023-02-14 14:30:39.225 [main] TwoPhaseLoad - Resolving attributes for [com.amgenz.entity.User#8]
[DEBUG] 2023-02-14 14:30:39.225 [main] TwoPhaseLoad - Processing attribute `email` : value = iswer
[DEBUG] 2023-02-14 14:30:39.225 [main] TwoPhaseLoad - Attribute (`email`)  - enhanced for lazy-loading? - false
[DEBUG] 2023-02-14 14:30:39.225 [main] TwoPhaseLoad - Processing attribute `firstName` : value = Issac
[DEBUG] 2023-02-14 14:30:39.225 [main] TwoPhaseLoad - Attribute (`firstName`)  - enhanced for lazy-loading? - false
[DEBUG] 2023-02-14 14:30:39.225 [main] TwoPhaseLoad - Processing attribute `lastName` : value = Werner
[DEBUG] 2023-02-14 14:30:39.225 [main] TwoPhaseLoad - Attribute (`lastName`)  - enhanced for lazy-loading? - false
[DEBUG] 2023-02-14 14:30:39.225 [main] TwoPhaseLoad - Done materializing entity [com.amgenz.entity.User#8]
[DEBUG] 2023-02-14 14:30:39.225 [main] LogicalConnectionManagedImpl - Initiating JDBC connection release from afterTransaction
[DEBUG] 2023-02-14 14:30:39.363 [main] SQL - select user0_.id as id1_0_0_, user0_.email as email2_0_0_, user0_.first_name as first_na3_0_0_, user0_.last_name as last_nam4_0_0_ from users user0_ where user0_.id=?
[DEBUG] 2023-02-14 14:30:39.364 [main] ResultSetProcessorImpl - Starting ResultSet row #0
[DEBUG] 2023-02-14 14:30:39.364 [main] EntityReferenceInitializerImpl - On call to EntityIdentifierReaderImpl#resolve, EntityKey was already known; should only happen on root returns with an optional identifier specified
[DEBUG] 2023-02-14 14:30:39.364 [main] TwoPhaseLoad - Resolving attributes for [com.amgenz.entity.User#5]
[DEBUG] 2023-02-14 14:30:39.364 [main] TwoPhaseLoad - Processing attribute `email` : value = ashdoug
[DEBUG] 2023-02-14 14:30:39.365 [main] TwoPhaseLoad - Attribute (`email`)  - enhanced for lazy-loading? - false
[DEBUG] 2023-02-14 14:30:39.365 [main] TwoPhaseLoad - Processing attribute `firstName` : value = Ashley
[DEBUG] 2023-02-14 14:30:39.365 [main] TwoPhaseLoad - Attribute (`firstName`)  - enhanced for lazy-loading? - false
[DEBUG] 2023-02-14 14:30:39.365 [main] TwoPhaseLoad - Processing attribute `lastName` : value = Douglas
[DEBUG] 2023-02-14 14:30:39.365 [main] TwoPhaseLoad - Attribute (`lastName`)  - enhanced for lazy-loading? - false
[DEBUG] 2023-02-14 14:30:39.365 [main] TwoPhaseLoad - Done materializing entity [com.amgenz.entity.User#5]
[DEBUG] 2023-02-14 14:30:39.365 [main] ResourceRegistryStandardImpl - HHH000387: ResultSet's statement was not registered
[DEBUG] 2023-02-14 14:30:39.365 [main] AbstractLoadPlanBasedEntityLoader - Done entity load : com.amgenz.entity.User#5
[DEBUG] 2023-02-14 14:30:39.365 [main] LogicalConnectionManagedImpl - Initiating JDBC connection release from afterTransaction
[DEBUG] 2023-02-14 14:30:39.424 [main] CriteriaQueryImpl - Rendered criteria query -> select generatedAlias0 from Users as generatedAlias0
[DEBUG] 2023-02-14 14:30:39.425 [main] QueryTranslatorImpl - parse() - HQL: select generatedAlias0 from com.amgenz.entity.User as generatedAlias0
[DEBUG] 2023-02-14 14:30:39.425 [main] ErrorTracker - throwQueryException() : no errors
[DEBUG] 2023-02-14 14:30:39.426 [main] QueryTranslatorImpl - --- HQL AST ---
 \-[QUERY] Node: 'query'
    \-[SELECT_FROM] Node: 'SELECT_FROM'
       +-[FROM] Node: 'from'
       |  \-[RANGE] Node: 'RANGE'
       |     +-[DOT] Node: '.'
       |     |  +-[DOT] Node: '.'
       |     |  |  +-[DOT] Node: '.'
       |     |  |  |  +-[IDENT] Node: 'com'
       |     |  |  |  \-[IDENT] Node: 'amgenz'
       |     |  |  \-[IDENT] Node: 'entity'
       |     |  \-[IDENT] Node: 'User'
       |     \-[ALIAS] Node: 'generatedAlias0'
       \-[SELECT] Node: 'select'
          \-[IDENT] Node: 'generatedAlias0'

[DEBUG] 2023-02-14 14:30:39.426 [main] HqlSqlBaseWalker - select << begin [level=1, statement=select]
[DEBUG] 2023-02-14 14:30:39.427 [main] FromElement - FromClause{level=1} : com.amgenz.entity.User (generatedAlias0) -> user0_
[DEBUG] 2023-02-14 14:30:39.427 [main] FromReferenceNode - Resolved : generatedAlias0 -> user0_.id
[DEBUG] 2023-02-14 14:30:39.427 [main] HqlSqlBaseWalker - select : finishing up [level=1, statement=select]
[DEBUG] 2023-02-14 14:30:39.428 [main] HqlSqlWalker - processQuery() :  ( SELECT ( {select clause} user0_.id ) ( FromClause{level=1} users user0_ ) )
[DEBUG] 2023-02-14 14:30:39.428 [main] JoinProcessor - Using FROM fragment [users user0_]
[DEBUG] 2023-02-14 14:30:39.428 [main] HqlSqlBaseWalker - select >> end [level=1, statement=select]
[DEBUG] 2023-02-14 14:30:39.428 [main] QueryTranslatorImpl - --- SQL AST ---
 \-[SELECT] QueryNode: 'SELECT'  querySpaces (users)
    +-[SELECT_CLAUSE] SelectClause: '{select clause}'
    |  +-[ALIAS_REF] IdentNode: 'user0_.id as id1_0_' {alias=generatedAlias0, className=com.amgenz.entity.User, tableAlias=user0_}
    |  \-[SQL_TOKEN] SqlFragment: 'user0_.email as email2_0_, user0_.first_name as first_na3_0_, user0_.last_name as last_nam4_0_'
    \-[FROM] FromClause: 'from' FromClause{level=1, fromElementCounter=1, fromElements=1, fromElementByClassAlias=[generatedAlias0], fromElementByTableAlias=[user0_], fromElementsByPath=[], collectionJoinFromElementsByPath=[], impliedElements=[]}
       \-[FROM_FRAGMENT] FromElement: 'users user0_' FromElement{explicit,not a collection join,not a fetch join,fetch non-lazy properties,classAlias=generatedAlias0,role=null,tableName=users,tableAlias=user0_,origin=null,columns={,className=com.amgenz.entity.User}}

[DEBUG] 2023-02-14 14:30:39.428 [main] ErrorTracker - throwQueryException() : no errors
[DEBUG] 2023-02-14 14:30:39.428 [main] QueryTranslatorImpl - HQL: select generatedAlias0 from com.amgenz.entity.User as generatedAlias0
[DEBUG] 2023-02-14 14:30:39.428 [main] QueryTranslatorImpl - SQL: select user0_.id as id1_0_, user0_.email as email2_0_, user0_.first_name as first_na3_0_, user0_.last_name as last_nam4_0_ from users user0_
[DEBUG] 2023-02-14 14:30:39.429 [main] ErrorTracker - throwQueryException() : no errors
[DEBUG] 2023-02-14 14:30:39.429 [main] SQL - select user0_.id as id1_0_, user0_.email as email2_0_, user0_.first_name as first_na3_0_, user0_.last_name as last_nam4_0_ from users user0_
[DEBUG] 2023-02-14 14:30:39.461 [main] Loader - Result set row: 0
[DEBUG] 2023-02-14 14:30:39.461 [main] Loader - Result row: EntityKey[com.amgenz.entity.User#1]
[DEBUG] 2023-02-14 14:30:39.461 [main] Loader - Result set row: 1
[DEBUG] 2023-02-14 14:30:39.462 [main] Loader - Result row: EntityKey[com.amgenz.entity.User#2]
[DEBUG] 2023-02-14 14:30:39.462 [main] Loader - Result set row: 2
[DEBUG] 2023-02-14 14:30:39.462 [main] Loader - Result row: EntityKey[com.amgenz.entity.User#3]
[DEBUG] 2023-02-14 14:30:39.462 [main] Loader - Result set row: 3
[DEBUG] 2023-02-14 14:30:39.462 [main] Loader - Result row: EntityKey[com.amgenz.entity.User#4]
[DEBUG] 2023-02-14 14:30:39.462 [main] Loader - Result set row: 4
[DEBUG] 2023-02-14 14:30:39.462 [main] Loader - Result row: EntityKey[com.amgenz.entity.User#5]
[DEBUG] 2023-02-14 14:30:39.462 [main] Loader - Result set row: 5
[DEBUG] 2023-02-14 14:30:39.462 [main] Loader - Result row: EntityKey[com.amgenz.entity.User#6]
[DEBUG] 2023-02-14 14:30:39.462 [main] Loader - Result set row: 6
[DEBUG] 2023-02-14 14:30:39.462 [main] Loader - Result row: EntityKey[com.amgenz.entity.User#7]
[DEBUG] 2023-02-14 14:30:39.463 [main] Loader - Result set row: 7
[DEBUG] 2023-02-14 14:30:39.463 [main] Loader - Result row: EntityKey[com.amgenz.entity.User#8]
[DEBUG] 2023-02-14 14:30:39.463 [main] Loader - Result set row: 8
[DEBUG] 2023-02-14 14:30:39.463 [main] Loader - Result row: EntityKey[com.amgenz.entity.User#9]
[DEBUG] 2023-02-14 14:30:39.463 [main] Loader - Result set row: 9
[DEBUG] 2023-02-14 14:30:39.463 [main] Loader - Result row: EntityKey[com.amgenz.entity.User#10]
[DEBUG] 2023-02-14 14:30:39.463 [main] TwoPhaseLoad - Resolving attributes for [com.amgenz.entity.User#1]
[DEBUG] 2023-02-14 14:30:39.463 [main] TwoPhaseLoad - Processing attribute `email` : value = halou
[DEBUG] 2023-02-14 14:30:39.463 [main] TwoPhaseLoad - Attribute (`email`)  - enhanced for lazy-loading? - false
[DEBUG] 2023-02-14 14:30:39.463 [main] TwoPhaseLoad - Processing attribute `firstName` : value = Harry
[DEBUG] 2023-02-14 14:30:39.463 [main] TwoPhaseLoad - Attribute (`firstName`)  - enhanced for lazy-loading? - false
[DEBUG] 2023-02-14 14:30:39.463 [main] TwoPhaseLoad - Processing attribute `lastName` : value = Louis
[DEBUG] 2023-02-14 14:30:39.463 [main] TwoPhaseLoad - Attribute (`lastName`)  - enhanced for lazy-loading? - false
[DEBUG] 2023-02-14 14:30:39.464 [main] TwoPhaseLoad - Done materializing entity [com.amgenz.entity.User#1]
[DEBUG] 2023-02-14 14:30:39.464 [main] TwoPhaseLoad - Resolving attributes for [com.amgenz.entity.User#2]
[DEBUG] 2023-02-14 14:30:39.464 [main] TwoPhaseLoad - Processing attribute `email` : value = sijames
[DEBUG] 2023-02-14 14:30:39.464 [main] TwoPhaseLoad - Attribute (`email`)  - enhanced for lazy-loading? - false
[DEBUG] 2023-02-14 14:30:39.464 [main] TwoPhaseLoad - Processing attribute `firstName` : value = Simon
[DEBUG] 2023-02-14 14:30:39.464 [main] TwoPhaseLoad - Attribute (`firstName`)  - enhanced for lazy-loading? - false
[DEBUG] 2023-02-14 14:30:39.464 [main] TwoPhaseLoad - Processing attribute `lastName` : value = James
[DEBUG] 2023-02-14 14:30:39.464 [main] TwoPhaseLoad - Attribute (`lastName`)  - enhanced for lazy-loading? - false
[DEBUG] 2023-02-14 14:30:39.464 [main] TwoPhaseLoad - Done materializing entity [com.amgenz.entity.User#2]
[DEBUG] 2023-02-14 14:30:39.464 [main] TwoPhaseLoad - Resolving attributes for [com.amgenz.entity.User#3]
[DEBUG] 2023-02-14 14:30:39.464 [main] TwoPhaseLoad - Processing attribute `email` : value = aldix
[DEBUG] 2023-02-14 14:30:39.464 [main] TwoPhaseLoad - Attribute (`email`)  - enhanced for lazy-loading? - false
[DEBUG] 2023-02-14 14:30:39.464 [main] TwoPhaseLoad - Processing attribute `firstName` : value = Alexandra
[DEBUG] 2023-02-14 14:30:39.464 [main] TwoPhaseLoad - Attribute (`firstName`)  - enhanced for lazy-loading? - false
[DEBUG] 2023-02-14 14:30:39.464 [main] TwoPhaseLoad - Processing attribute `lastName` : value = Dixson
[DEBUG] 2023-02-14 14:30:39.464 [main] TwoPhaseLoad - Attribute (`lastName`)  - enhanced for lazy-loading? - false
[DEBUG] 2023-02-14 14:30:39.464 [main] TwoPhaseLoad - Done materializing entity [com.amgenz.entity.User#3]
[DEBUG] 2023-02-14 14:30:39.464 [main] TwoPhaseLoad - Resolving attributes for [com.amgenz.entity.User#4]
[DEBUG] 2023-02-14 14:30:39.464 [main] TwoPhaseLoad - Processing attribute `email` : value = kevedw
[DEBUG] 2023-02-14 14:30:39.464 [main] TwoPhaseLoad - Attribute (`email`)  - enhanced for lazy-loading? - false
[DEBUG] 2023-02-14 14:30:39.464 [main] TwoPhaseLoad - Processing attribute `firstName` : value = Kevin
[DEBUG] 2023-02-14 14:30:39.464 [main] TwoPhaseLoad - Attribute (`firstName`)  - enhanced for lazy-loading? - false
[DEBUG] 2023-02-14 14:30:39.464 [main] TwoPhaseLoad - Processing attribute `lastName` : value = Edwards
[DEBUG] 2023-02-14 14:30:39.464 [main] TwoPhaseLoad - Attribute (`lastName`)  - enhanced for lazy-loading? - false
[DEBUG] 2023-02-14 14:30:39.464 [main] TwoPhaseLoad - Done materializing entity [com.amgenz.entity.User#4]
[DEBUG] 2023-02-14 14:30:39.464 [main] TwoPhaseLoad - Resolving attributes for [com.amgenz.entity.User#5]
[DEBUG] 2023-02-14 14:30:39.464 [main] TwoPhaseLoad - Processing attribute `email` : value = ashdoug
[DEBUG] 2023-02-14 14:30:39.471 [main] TwoPhaseLoad - Attribute (`email`)  - enhanced for lazy-loading? - false
[DEBUG] 2023-02-14 14:30:39.472 [main] TwoPhaseLoad - Processing attribute `firstName` : value = Ashley
[DEBUG] 2023-02-14 14:30:39.472 [main] TwoPhaseLoad - Attribute (`firstName`)  - enhanced for lazy-loading? - false
[DEBUG] 2023-02-14 14:30:39.472 [main] TwoPhaseLoad - Processing attribute `lastName` : value = Douglas
[DEBUG] 2023-02-14 14:30:39.472 [main] TwoPhaseLoad - Attribute (`lastName`)  - enhanced for lazy-loading? - false
[DEBUG] 2023-02-14 14:30:39.472 [main] TwoPhaseLoad - Done materializing entity [com.amgenz.entity.User#5]
[DEBUG] 2023-02-14 14:30:39.472 [main] TwoPhaseLoad - Resolving attributes for [com.amgenz.entity.User#6]
[DEBUG] 2023-02-14 14:30:39.472 [main] TwoPhaseLoad - Processing attribute `email` : value = caswal
[DEBUG] 2023-02-14 14:30:39.473 [main] TwoPhaseLoad - Attribute (`email`)  - enhanced for lazy-loading? - false
[DEBUG] 2023-02-14 14:30:39.473 [main] TwoPhaseLoad - Processing attribute `firstName` : value = Cassandra
[DEBUG] 2023-02-14 14:30:39.473 [main] TwoPhaseLoad - Attribute (`firstName`)  - enhanced for lazy-loading? - false
[DEBUG] 2023-02-14 14:30:39.473 [main] TwoPhaseLoad - Processing attribute `lastName` : value = Walker
[DEBUG] 2023-02-14 14:30:39.473 [main] TwoPhaseLoad - Attribute (`lastName`)  - enhanced for lazy-loading? - false
[DEBUG] 2023-02-14 14:30:39.473 [main] TwoPhaseLoad - Done materializing entity [com.amgenz.entity.User#6]
[DEBUG] 2023-02-14 14:30:39.473 [main] TwoPhaseLoad - Resolving attributes for [com.amgenz.entity.User#7]
[DEBUG] 2023-02-14 14:30:39.473 [main] TwoPhaseLoad - Processing attribute `email` : value = joswya
[DEBUG] 2023-02-14 14:30:39.473 [main] TwoPhaseLoad - Attribute (`email`)  - enhanced for lazy-loading? - false
[DEBUG] 2023-02-14 14:30:39.473 [main] TwoPhaseLoad - Processing attribute `firstName` : value = Joseph
[DEBUG] 2023-02-14 14:30:39.481 [main] TwoPhaseLoad - Attribute (`firstName`)  - enhanced for lazy-loading? - false
[DEBUG] 2023-02-14 14:30:39.481 [main] TwoPhaseLoad - Processing attribute `lastName` : value = Wyatt
[DEBUG] 2023-02-14 14:30:39.482 [main] TwoPhaseLoad - Attribute (`lastName`)  - enhanced for lazy-loading? - false
[DEBUG] 2023-02-14 14:30:39.484 [main] TwoPhaseLoad - Done materializing entity [com.amgenz.entity.User#7]
[DEBUG] 2023-02-14 14:30:39.484 [main] TwoPhaseLoad - Resolving attributes for [com.amgenz.entity.User#8]
[DEBUG] 2023-02-14 14:30:39.484 [main] TwoPhaseLoad - Processing attribute `email` : value = iswer
[DEBUG] 2023-02-14 14:30:39.484 [main] TwoPhaseLoad - Attribute (`email`)  - enhanced for lazy-loading? - false
[DEBUG] 2023-02-14 14:30:39.484 [main] TwoPhaseLoad - Processing attribute `firstName` : value = Issac
[DEBUG] 2023-02-14 14:30:39.484 [main] TwoPhaseLoad - Attribute (`firstName`)  - enhanced for lazy-loading? - false
[DEBUG] 2023-02-14 14:30:39.484 [main] TwoPhaseLoad - Processing attribute `lastName` : value = Werner
[DEBUG] 2023-02-14 14:30:39.484 [main] TwoPhaseLoad - Attribute (`lastName`)  - enhanced for lazy-loading? - false
[DEBUG] 2023-02-14 14:30:39.484 [main] TwoPhaseLoad - Done materializing entity [com.amgenz.entity.User#8]
[DEBUG] 2023-02-14 14:30:39.484 [main] TwoPhaseLoad - Resolving attributes for [com.amgenz.entity.User#9]
[DEBUG] 2023-02-14 14:30:39.484 [main] TwoPhaseLoad - Processing attribute `email` : value = anblan
[DEBUG] 2023-02-14 14:30:39.484 [main] TwoPhaseLoad - Attribute (`email`)  - enhanced for lazy-loading? - false
[DEBUG] 2023-02-14 14:30:39.484 [main] TwoPhaseLoad - Processing attribute `firstName` : value = Angela
[DEBUG] 2023-02-14 14:30:39.484 [main] TwoPhaseLoad - Attribute (`firstName`)  - enhanced for lazy-loading? - false
[DEBUG] 2023-02-14 14:30:39.484 [main] TwoPhaseLoad - Processing attribute `lastName` : value = Blanchard
[DEBUG] 2023-02-14 14:30:39.484 [main] TwoPhaseLoad - Attribute (`lastName`)  - enhanced for lazy-loading? - false
[DEBUG] 2023-02-14 14:30:39.484 [main] TwoPhaseLoad - Done materializing entity [com.amgenz.entity.User#9]
[DEBUG] 2023-02-14 14:30:39.484 [main] TwoPhaseLoad - Resolving attributes for [com.amgenz.entity.User#10]
[DEBUG] 2023-02-14 14:30:39.484 [main] TwoPhaseLoad - Processing attribute `email` : value = frsmith
[DEBUG] 2023-02-14 14:30:39.484 [main] TwoPhaseLoad - Attribute (`email`)  - enhanced for lazy-loading? - false
[DEBUG] 2023-02-14 14:30:39.484 [main] TwoPhaseLoad - Processing attribute `firstName` : value = Fred
[DEBUG] 2023-02-14 14:30:39.484 [main] TwoPhaseLoad - Attribute (`firstName`)  - enhanced for lazy-loading? - false
[DEBUG] 2023-02-14 14:30:39.484 [main] TwoPhaseLoad - Processing attribute `lastName` : value = Smith
[DEBUG] 2023-02-14 14:30:39.484 [main] TwoPhaseLoad - Attribute (`lastName`)  - enhanced for lazy-loading? - false
[DEBUG] 2023-02-14 14:30:39.485 [main] TwoPhaseLoad - Done materializing entity [com.amgenz.entity.User#10]
[DEBUG] 2023-02-14 14:30:39.485 [main] LogicalConnectionManagedImpl - Initiating JDBC connection release from afterTransaction
[DEBUG] 2023-02-14 14:30:39.561 [main] TransactionImpl - On TransactionImpl creation, JpaCompliance#isJpaTransactionComplianceEnabled == false
[DEBUG] 2023-02-14 14:30:39.561 [main] TransactionImpl - begin
[DEBUG] 2023-02-14 14:30:39.574 [main] ActionQueue - Executing identity-insert immediately
[DEBUG] 2023-02-14 14:30:39.575 [main] SQL - insert into users (email, first_name, last_name) values (?, ?, ?)
[DEBUG] 2023-02-14 14:30:39.588 [main] IdentifierGeneratorHelper - Natively generated identity: 11
[DEBUG] 2023-02-14 14:30:39.589 [main] ResourceRegistryStandardImpl - HHH000387: ResultSet's statement was not registered
[DEBUG] 2023-02-14 14:30:39.592 [main] TransactionImpl - committing
[DEBUG] 2023-02-14 14:30:39.593 [main] AbstractFlushingEventListener - Processing flush-time cascades
[DEBUG] 2023-02-14 14:30:39.593 [main] AbstractFlushingEventListener - Dirty checking collections
[DEBUG] 2023-02-14 14:30:39.594 [main] AbstractFlushingEventListener - Flushed: 0 insertions, 0 updates, 0 deletions to 1 objects
[DEBUG] 2023-02-14 14:30:39.594 [main] AbstractFlushingEventListener - Flushed: 0 (re)creations, 0 updates, 0 removals to 0 collections
[DEBUG] 2023-02-14 14:30:39.594 [main] EntityPrinter - Listing entities:
[DEBUG] 2023-02-14 14:30:39.594 [main] EntityPrinter - com.amgenz.entity.User{firstName=Steve, lastName=Flower, id=11, email=stflow}
[DEBUG] 2023-02-14 14:30:39.596 [main] LogicalConnectionManagedImpl - Initiating JDBC connection release from afterTransaction
[DEBUG] 2023-02-14 14:30:39.599 [main] LogicalConnectionManagedImpl - Initiating JDBC connection release from afterTransaction
[DEBUG] 2023-02-14 14:30:39.601 [main] SQL - select user0_.id as id1_0_0_, user0_.email as email2_0_0_, user0_.first_name as first_na3_0_0_, user0_.last_name as last_nam4_0_0_ from users user0_ where user0_.id=?
[DEBUG] 2023-02-14 14:30:39.610 [main] ResultSetProcessorImpl - Starting ResultSet row #0
[DEBUG] 2023-02-14 14:30:39.610 [main] EntityReferenceInitializerImpl - On call to EntityIdentifierReaderImpl#resolve, EntityKey was already known; should only happen on root returns with an optional identifier specified
[DEBUG] 2023-02-14 14:30:39.611 [main] TwoPhaseLoad - Resolving attributes for [com.amgenz.entity.User#11]
[DEBUG] 2023-02-14 14:30:39.611 [main] TwoPhaseLoad - Processing attribute `email` : value = stflow
[DEBUG] 2023-02-14 14:30:39.611 [main] TwoPhaseLoad - Attribute (`email`)  - enhanced for lazy-loading? - false
[DEBUG] 2023-02-14 14:30:39.611 [main] TwoPhaseLoad - Processing attribute `firstName` : value = Steve
[DEBUG] 2023-02-14 14:30:39.611 [main] TwoPhaseLoad - Attribute (`firstName`)  - enhanced for lazy-loading? - false
[DEBUG] 2023-02-14 14:30:39.611 [main] TwoPhaseLoad - Processing attribute `lastName` : value = Flower
[DEBUG] 2023-02-14 14:30:39.611 [main] TwoPhaseLoad - Attribute (`lastName`)  - enhanced for lazy-loading? - false
[DEBUG] 2023-02-14 14:30:39.611 [main] TwoPhaseLoad - Done materializing entity [com.amgenz.entity.User#11]
[DEBUG] 2023-02-14 14:30:39.611 [main] ResourceRegistryStandardImpl - HHH000387: ResultSet's statement was not registered
[DEBUG] 2023-02-14 14:30:39.611 [main] AbstractLoadPlanBasedEntityLoader - Done entity load : com.amgenz.entity.User#11
[DEBUG] 2023-02-14 14:30:39.611 [main] LogicalConnectionManagedImpl - Initiating JDBC connection release from afterTransaction
